Mar 28, 2014 10:49:01 AM org.apache.catalina.core.AprLifecycleListener init
INFO: The APR based Apache Tomcat Native library which allows optimal performance in production environments was not found on the java.library.path: /usr/java/packages/lib/amd64:/usr/lib64:/lib64:/lib:/usr/lib
Mar 28, 2014 10:49:01 AM org.apache.coyote.AbstractProtocol init
INFO: Initializing ProtocolHandler ["http-bio-8080"]
Mar 28, 2014 10:49:01 AM org.apache.coyote.AbstractProtocol init
INFO: Initializing ProtocolHandler ["ajp-bio-8009"]
Mar 28, 2014 10:49:01 AM org.apache.catalina.startup.Catalina load
INFO: Initialization processed in 1545 ms
Mar 28, 2014 10:49:01 AM org.apache.catalina.core.StandardService startInternal
INFO: Starting service Catalina
Mar 28, 2014 10:49:01 AM org.apache.catalina.core.StandardEngine startInternal
INFO: Starting Servlet Engine: Apache Tomcat/7.0.52
Mar 28, 2014 10:49:01 AM org.apache.catalina.startup.HostConfig deployWAR
INFO: Deploying web application archive /home/neouser/mahi1/multimodulewithseleniumandbootstrap/tools/tomcat/apache-tomcat-7.0.52/webapps/web.war
Mar 28, 2014 10:49:12 AM org.springframework.web.context.ContextLoader initWebApplicationContext
INFO: Root WebApplicationContext: initialization started
Mar 28, 2014 10:49:12 AM org.springframework.web.context.support.AnnotationConfigWebApplicationContext prepareRefresh
INFO: Refreshing Root WebApplicationContext: startup date [Fri Mar 28 10:49:12 IST 2014]; root of context hierarchy
Mar 28, 2014 10:49:13 AM org.springframework.context.annotation.ClassPathBeanDefinitionScanner registerDefaultFilters
INFO: JSR-250 'javax.annotation.ManagedBean' found and supported for component scanning
Mar 28, 2014 10:49:13 AM org.springframework.web.context.support.AnnotationConfigWebApplicationContext loadBeanDefinitions
INFO: Registering annotated classes: [class com.neova.init.WebAppConfig]
Mar 28, 2014 10:49:13 AM org.springframework.context.annotation.ClassPathBeanDefinitionScanner registerDefaultFilters
INFO: JSR-250 'javax.annotation.ManagedBean' found and supported for component scanning
Mar 28, 2014 10:49:14 AM org.springframework.beans.factory.xml.XmlBeanDefinitionReader loadBeanDefinitions
INFO: Loading XML bean definitions from class path resource [spring-security.xml]
Mar 28, 2014 10:49:15 AM org.springframework.security.core.SpringSecurityCoreVersion <clinit>
INFO: You are running with Spring Security Core 3.1.2.RELEASE
Mar 28, 2014 10:49:15 AM org.springframework.security.config.SecurityNamespaceHandler <init>
INFO: Spring Security 'config' module version is 3.1.2.RELEASE
Mar 28, 2014 10:49:15 AM org.springframework.security.config.http.HttpSecurityBeanDefinitionParser checkFilterChainOrder
INFO: Checking sorted filter chain: [Root bean: class [org.springframework.security.web.context.SecurityContextPersistenceFilter]; scope=; abstract=false; lazyInit=false; autowireMode=0; dependencyCheck=0; autowireCandidate=true; primary=false; factoryBeanName=null; factoryMethodName=null; initMethodName=null; destroyMethodName=null, order = 300, Root bean: class [org.springframework.security.web.authentication.logout.LogoutFilter]; scope=; abstract=false; lazyInit=false; autowireMode=0; dependencyCheck=0; autowireCandidate=true; primary=false; factoryBeanName=null; factoryMethodName=null; initMethodName=null; destroyMethodName=null, order = 400, <org.springframework.security.web.authentication.UsernamePasswordAuthenticationFilter#0>, order = 800, Root bean: class [org.springframework.security.web.authentication.www.BasicAuthenticationFilter]; scope=; abstract=false; lazyInit=false; autowireMode=0; dependencyCheck=0; autowireCandidate=true; primary=false; factoryBeanName=null; factoryMethodName=null; initMethodName=null; destroyMethodName=null, order = 1200, Root bean: class [org.springframework.security.web.savedrequest.RequestCacheAwareFilter]; scope=; abstract=false; lazyInit=false; autowireMode=0; dependencyCheck=0; autowireCandidate=true; primary=false; factoryBeanName=null; factoryMethodName=null; initMethodName=null; destroyMethodName=null, order = 1300, Root bean: class [org.springframework.security.web.servletapi.SecurityContextHolderAwareRequestFilter]; scope=; abstract=false; lazyInit=false; autowireMode=0; dependencyCheck=0; autowireCandidate=true; primary=false; factoryBeanName=null; factoryMethodName=null; initMethodName=null; destroyMethodName=null, order = 1400, Root bean: class [org.springframework.security.web.authentication.AnonymousAuthenticationFilter]; scope=; abstract=false; lazyInit=false; autowireMode=0; dependencyCheck=0; autowireCandidate=true; primary=false; factoryBeanName=null; factoryMethodName=null; initMethodName=null; destroyMethodName=null, order = 1700, Root bean: class [org.springframework.security.web.session.SessionManagementFilter]; scope=; abstract=false; lazyInit=false; autowireMode=0; dependencyCheck=0; autowireCandidate=true; primary=false; factoryBeanName=null; factoryMethodName=null; initMethodName=null; destroyMethodName=null, order = 1800, Root bean: class [org.springframework.security.web.access.ExceptionTranslationFilter]; scope=; abstract=false; lazyInit=false; autowireMode=0; dependencyCheck=0; autowireCandidate=true; primary=false; factoryBeanName=null; factoryMethodName=null; initMethodName=null; destroyMethodName=null, order = 1900, <org.springframework.security.web.access.intercept.FilterSecurityInterceptor#0>, order = 2000]
Mar 28, 2014 10:49:16 AM org.springframework.beans.factory.support.DefaultListableBeanFactory preInstantiateSingletons
INFO: Pre-instantiating singletons in org.springframework.beans.factory.support.DefaultListableBeanFactory@67d3f1cb: defining beans [org.springframework.context.annotation.internalConfigurationAnnotationProcessor,org.springframework.context.annotation.internalAutowiredAnnotationProcessor,org.springframework.context.annotation.internalRequiredAnnotationProcessor,org.springframework.context.annotation.internalCommonAnnotationProcessor,org.springframework.context.annotation.internalPersistenceAnnotationProcessor,webAppConfig,org.springframework.context.annotation.ConfigurationClassPostProcessor.importAwareProcessor,linkNavigation,securityNavigation,roleDAOImpl,userDAOImpl,customUserDetailsService,roleServiceImpl,userServiceImpl,org.springframework.aop.config.internalAutoProxyCreator,org.springframework.web.servlet.config.annotation.DelegatingWebMvcConfiguration,requestMappingHandlerMapping,viewControllerHandlerMapping,beanNameHandlerMapping,resourceHandlerMapping,defaultServletHandlerMapping,requestMappingHandlerAdapter,mvcConversionService,mvcValidator,httpRequestHandlerAdapter,simpleControllerHandlerAdapter,handlerExceptionResolver,org.springframework.transaction.annotation.ProxyTransactionManagementConfiguration,org.springframework.transaction.config.internalTransactionAdvisor,transactionAttributeSource,transactionInterceptor,transactionManager,getViewResolver,dataSource,sessionFactory,org.springframework.security.filterChains,org.springframework.security.filterChainProxy,org.springframework.security.web.PortMapperImpl#0,org.springframework.security.web.PortResolverImpl#0,org.springframework.security.config.authentication.AuthenticationManagerFactoryBean#0,org.springframework.security.authentication.ProviderManager#0,org.springframework.security.web.context.HttpSessionSecurityContextRepository#0,org.springframework.security.web.authentication.session.SessionFixationProtectionStrategy#0,org.springframework.security.web.savedrequest.HttpSessionRequestCache#0,org.springframework.security.access.vote.AffirmativeBased#0,org.springframework.security.web.access.intercept.FilterSecurityInterceptor#0,org.springframework.security.web.access.DefaultWebInvocationPrivilegeEvaluator#0,org.springframework.security.authentication.AnonymousAuthenticationProvider#0,org.springframework.security.web.authentication.www.BasicAuthenticationEntryPoint#0,org.springframework.security.web.authentication.UsernamePasswordAuthenticationFilter#0,org.springframework.security.userDetailsServiceFactory,org.springframework.security.web.DefaultSecurityFilterChain#0,org.springframework.security.authentication.dao.DaoAuthenticationProvider#0,org.springframework.security.authentication.DefaultAuthenticationEventPublisher#0,org.springframework.security.authenticationManager]; root of factory hierarchy
Mar 28, 2014 10:49:17 AM org.springframework.jdbc.datasource.DriverManagerDataSource setDriverClassName
INFO: Loaded JDBC driver: com.mysql.jdbc.Driver
Mar 28, 2014 10:49:17 AM org.hibernate.annotations.common.Version <clinit>
INFO: HCANN000001: Hibernate Commons Annotations {4.0.1.Final}
Mar 28, 2014 10:49:17 AM org.hibernate.Version logVersion
INFO: HHH000412: Hibernate Core {4.1.7.Final}
Mar 28, 2014 10:49:17 AM org.hibernate.cfg.Environment <clinit>
INFO: HHH000206: hibernate.properties not found
Mar 28, 2014 10:49:17 AM org.hibernate.cfg.Environment buildBytecodeProvider
INFO: HHH000021: Bytecode provider name : javassist
Mar 28, 2014 10:49:18 AM org.hibernate.dialect.Dialect <init>
INFO: HHH000400: Using dialect: org.hibernate.dialect.MySQL5InnoDBDialect
Mar 28, 2014 10:49:19 AM org.hibernate.engine.transaction.internal.TransactionFactoryInitiator initiateService
INFO: HHH000399: Using default transaction strategy (direct JDBC transactions)
Mar 28, 2014 10:49:19 AM org.hibernate.hql.internal.ast.ASTQueryTranslatorFactory <init>
INFO: HHH000397: Using ASTQueryTranslatorFactory
Mar 28, 2014 10:49:20 AM org.springframework.web.servlet.mvc.method.annotation.RequestMappingHandlerMapping registerHandlerMethod
INFO: Mapped "{[/sec/moderation],methods=[GET],params=[],headers=[],consumes=[],produces=[],custom=[]}" onto public org.springframework.web.servlet.ModelAndView com.neova.controller.LinkNavigation.listUsers()
Mar 28, 2014 10:49:20 AM org.springframework.web.servlet.mvc.method.annotation.RequestMappingHandlerMapping registerHandlerMethod
INFO: Mapped "{[/admin/save],methods=[POST],params=[update],headers=[],consumes=[],produces=[],custom=[]}" onto public org.springframework.web.servlet.ModelAndView com.neova.controller.LinkNavigation.updateUser(java.lang.String,com.neova.bean.UserBean,org.springframework.validation.BindingResult)
Mar 28, 2014 10:49:20 AM org.springframework.web.servlet.mvc.method.annotation.RequestMappingHandlerMapping registerHandlerMethod
INFO: Mapped "{[/admin/save],methods=[POST],params=[save],headers=[],consumes=[],produces=[],custom=[]}" onto public org.springframework.web.servlet.ModelAndView com.neova.controller.LinkNavigation.saveUser(java.lang.String,com.neova.bean.UserBean,org.springframework.validation.BindingResult)
Mar 28, 2014 10:49:20 AM org.springframework.web.servlet.mvc.method.annotation.RequestMappingHandlerMapping registerHandlerMethod
INFO: Mapped "{[/admin/first],methods=[GET],params=[],headers=[],consumes=[],produces=[],custom=[]}" onto public org.springframework.web.servlet.ModelAndView com.neova.controller.LinkNavigation.addEmployee(com.neova.bean.UserBean,org.springframework.validation.BindingResult)
Mar 28, 2014 10:49:20 AM org.springframework.web.servlet.mvc.method.annotation.RequestMappingHandlerMapping registerHandlerMethod
INFO: Mapped "{[/admin/delete],methods=[GET],params=[],headers=[],consumes=[],produces=[],custom=[]}" onto public org.springframework.web.servlet.ModelAndView com.neova.controller.LinkNavigation.deleteUser(com.neova.bean.UserBean,org.springframework.validation.BindingResult)
Mar 28, 2014 10:49:20 AM org.springframework.web.servlet.mvc.method.annotation.RequestMappingHandlerMapping registerHandlerMethod
INFO: Mapped "{[/admin/edit],methods=[GET],params=[],headers=[],consumes=[],produces=[],custom=[]}" onto public org.springframework.web.servlet.ModelAndView com.neova.controller.LinkNavigation.editUser(com.neova.bean.UserBean,org.springframework.validation.BindingResult)
Mar 28, 2014 10:49:20 AM org.springframework.web.servlet.mvc.method.annotation.RequestMappingHandlerMapping registerHandlerMethod
INFO: Mapped "{[/],methods=[GET],params=[],headers=[],consumes=[],produces=[],custom=[]}" onto public org.springframework.web.servlet.ModelAndView com.neova.controller.LinkNavigation.homePage()
Mar 28, 2014 10:49:20 AM org.springframework.web.servlet.mvc.method.annotation.RequestMappingHandlerMapping registerHandlerMethod
INFO: Mapped "{[/index],methods=[GET],params=[],headers=[],consumes=[],produces=[],custom=[]}" onto public org.springframework.web.servlet.ModelAndView com.neova.controller.LinkNavigation.indexPage()
Mar 28, 2014 10:49:20 AM org.springframework.web.servlet.mvc.method.annotation.RequestMappingHandlerMapping registerHandlerMethod
INFO: Mapped "{[/admin/second],methods=[GET],params=[],headers=[],consumes=[],produces=[],custom=[]}" onto public org.springframework.web.servlet.ModelAndView com.neova.controller.LinkNavigation.secondAdminPage()
Mar 28, 2014 10:49:20 AM org.springframework.web.servlet.mvc.method.annotation.RequestMappingHandlerMapping registerHandlerMethod
INFO: Mapped "{[/user-login],methods=[GET],params=[],headers=[],consumes=[],produces=[],custom=[]}" onto public org.springframework.web.servlet.ModelAndView com.neova.controller.SecurityNavigation.loginForm()
Mar 28, 2014 10:49:20 AM org.springframework.web.servlet.mvc.method.annotation.RequestMappingHandlerMapping registerHandlerMethod
INFO: Mapped "{[/access-denied],methods=[GET],params=[],headers=[],consumes=[],produces=[],custom=[]}" onto public java.lang.String com.neova.controller.SecurityNavigation.accessDenied(org.springframework.ui.ModelMap)
Mar 28, 2014 10:49:20 AM org.springframework.web.servlet.mvc.method.annotation.RequestMappingHandlerMapping registerHandlerMethod
INFO: Mapped "{[/error-login],methods=[GET],params=[],headers=[],consumes=[],produces=[],custom=[]}" onto public org.springframework.web.servlet.ModelAndView com.neova.controller.SecurityNavigation.invalidLogin()
Mar 28, 2014 10:49:20 AM org.springframework.web.servlet.mvc.method.annotation.RequestMappingHandlerMapping registerHandlerMethod
INFO: Mapped "{[/success-login],methods=[GET],params=[],headers=[],consumes=[],produces=[],custom=[]}" onto public org.springframework.web.servlet.ModelAndView com.neova.controller.SecurityNavigation.successLogin()
Mar 28, 2014 10:49:21 AM org.springframework.orm.hibernate4.HibernateTransactionManager afterPropertiesSet
INFO: Using DataSource [org.springframework.jdbc.datasource.DriverManagerDataSource@43d82203] of Hibernate SessionFactory for HibernateTransactionManager
Mar 28, 2014 10:49:23 AM org.springframework.security.web.DefaultSecurityFilterChain <init>
INFO: Creating filter chain: org.springframework.security.web.util.AnyRequestMatcher@1, [org.springframework.security.web.context.SecurityContextPersistenceFilter@73af10a9, org.springframework.security.web.authentication.logout.LogoutFilter@6a6f0294, org.springframework.security.web.authentication.UsernamePasswordAuthenticationFilter@1e127923, org.springframework.security.web.authentication.www.BasicAuthenticationFilter@4ecef841, org.springframework.security.web.savedrequest.RequestCacheAwareFilter@760c9bd2, org.springframework.security.web.servletapi.SecurityContextHolderAwareRequestFilter@35ca348a, org.springframework.security.web.authentication.AnonymousAuthenticationFilter@6e3f6b9c, org.springframework.security.web.session.SessionManagementFilter@5b20750, org.springframework.security.web.access.ExceptionTranslationFilter@6afe181b, org.springframework.security.web.access.intercept.FilterSecurityInterceptor@4fe0cb7d]
Mar 28, 2014 10:49:23 AM org.springframework.security.config.http.DefaultFilterChainValidator checkLoginPageIsntProtected
INFO: Checking whether login URL '/user-login.html' is accessible with your configuration
Mar 28, 2014 10:49:23 AM org.springframework.web.context.ContextLoader initWebApplicationContext
INFO: Root WebApplicationContext: initialization completed in 10794 ms
Mar 28, 2014 10:49:28 AM org.apache.catalina.util.SessionIdGenerator createSecureRandom
INFO: Creation of SecureRandom instance for session ID generation using [SHA1PRNG] took [5,138] milliseconds.
Mar 28, 2014 10:49:28 AM org.springframework.web.servlet.DispatcherServlet initServletBean
INFO: FrameworkServlet 'dispatcher': initialization started
Mar 28, 2014 10:49:28 AM org.springframework.web.servlet.DispatcherServlet initServletBean
INFO: FrameworkServlet 'dispatcher': initialization completed in 116 ms
Mar 28, 2014 10:49:28 AM org.apache.coyote.AbstractProtocol start
INFO: Starting ProtocolHandler ["http-bio-8080"]
Mar 28, 2014 10:49:29 AM org.apache.coyote.AbstractProtocol start
INFO: Starting ProtocolHandler ["ajp-bio-8009"]
Mar 28, 2014 10:49:29 AM org.apache.catalina.startup.Catalina start
INFO: Server startup in 27311 ms
Mar 28, 2014 10:50:04 AM org.apache.jasper.compiler.TldLocationsCache tldScanJar
INFO: At least one JAR was scanned for TLDs yet contained no TLDs. Enable debug logging for this logger for a complete list of JARs that were scanned but no TLDs were found in them. Skipping unneeded JARs during scanning can improve startup time and JSP compilation time.
Mar 28, 2014 11:17:19 AM org.hibernate.engine.jdbc.spi.SqlExceptionHelper logExceptions
WARN: SQL Error: 1406, SQLState: 22001
Mar 28, 2014 11:17:19 AM org.hibernate.engine.jdbc.spi.SqlExceptionHelper logExceptions
ERROR: Data truncation: Data too long for column 'password' at row 1
Mar 28, 2014 11:17:19 AM org.hibernate.engine.jdbc.batch.internal.AbstractBatchImpl release
INFO: HHH000010: On release of batch it still contained JDBC statements
Mar 28, 2014 12:01:29 PM org.apache.catalina.core.StandardServer await
INFO: A valid shutdown command was received via the shutdown port. Stopping the Server instance.
Mar 28, 2014 12:01:29 PM org.apache.coyote.AbstractProtocol pause
INFO: Pausing ProtocolHandler ["http-bio-8080"]
Mar 28, 2014 12:01:29 PM org.apache.coyote.AbstractProtocol pause
INFO: Pausing ProtocolHandler ["ajp-bio-8009"]
Mar 28, 2014 12:01:29 PM org.apache.catalina.core.StandardService stopInternal
INFO: Stopping service Catalina
Mar 28, 2014 12:01:29 PM org.springframework.web.context.support.AnnotationConfigWebApplicationContext doClose
INFO: Closing Root WebApplicationContext: startup date [Fri Mar 28 10:49:12 IST 2014]; root of context hierarchy
Mar 28, 2014 12:01:29 PM org.springframework.beans.factory.support.DefaultListableBeanFactory destroySingletons
INFO: Destroying singletons in org.springframework.beans.factory.support.DefaultListableBeanFactory@67d3f1cb: defining beans [org.springframework.context.annotation.internalConfigurationAnnotationProcessor,org.springframework.context.annotation.internalAutowiredAnnotationProcessor,org.springframework.context.annotation.internalRequiredAnnotationProcessor,org.springframework.context.annotation.internalCommonAnnotationProcessor,org.springframework.context.annotation.internalPersistenceAnnotationProcessor,webAppConfig,org.springframework.context.annotation.ConfigurationClassPostProcessor.importAwareProcessor,linkNavigation,securityNavigation,roleDAOImpl,userDAOImpl,customUserDetailsService,roleServiceImpl,userServiceImpl,org.springframework.aop.config.internalAutoProxyCreator,org.springframework.web.servlet.config.annotation.DelegatingWebMvcConfiguration,requestMappingHandlerMapping,viewControllerHandlerMapping,beanNameHandlerMapping,resourceHandlerMapping,defaultServletHandlerMapping,requestMappingHandlerAdapter,mvcConversionService,mvcValidator,httpRequestHandlerAdapter,simpleControllerHandlerAdapter,handlerExceptionResolver,org.springframework.transaction.annotation.ProxyTransactionManagementConfiguration,org.springframework.transaction.config.internalTransactionAdvisor,transactionAttributeSource,transactionInterceptor,transactionManager,getViewResolver,dataSource,sessionFactory,org.springframework.security.filterChains,org.springframework.security.filterChainProxy,org.springframework.security.web.PortMapperImpl#0,org.springframework.security.web.PortResolverImpl#0,org.springframework.security.config.authentication.AuthenticationManagerFactoryBean#0,org.springframework.security.authentication.ProviderManager#0,org.springframework.security.web.context.HttpSessionSecurityContextRepository#0,org.springframework.security.web.authentication.session.SessionFixationProtectionStrategy#0,org.springframework.security.web.savedrequest.HttpSessionRequestCache#0,org.springframework.security.access.vote.AffirmativeBased#0,org.springframework.security.web.access.intercept.FilterSecurityInterceptor#0,org.springframework.security.web.access.DefaultWebInvocationPrivilegeEvaluator#0,org.springframework.security.authentication.AnonymousAuthenticationProvider#0,org.springframework.security.web.authentication.www.BasicAuthenticationEntryPoint#0,org.springframework.security.web.authentication.UsernamePasswordAuthenticationFilter#0,org.springframework.security.userDetailsServiceFactory,org.springframework.security.web.DefaultSecurityFilterChain#0,org.springframework.security.authentication.dao.DaoAuthenticationProvider#0,org.springframework.security.authentication.DefaultAuthenticationEventPublisher#0,org.springframework.security.authenticationManager]; root of factory hierarchy
Mar 28, 2014 12:01:29 PM org.apache.catalina.loader.WebappClassLoader clearReferencesJdbc
SEVERE: The web application [/web] registered the JDBC driver [com.mysql.jdbc.Driver] but failed to unregister it when the web application was stopped. To prevent a memory leak, the JDBC Driver has been forcibly unregistered.
Mar 28, 2014 12:01:29 PM org.apache.catalina.loader.WebappClassLoader clearReferencesThreads
SEVERE: The web application [/web] appears to have started a thread named [Abandoned connection cleanup thread] but has failed to stop it. This is very likely to create a memory leak.
Mar 28, 2014 12:01:29 PM org.apache.coyote.AbstractProtocol stop
INFO: Stopping ProtocolHandler ["http-bio-8080"]
Mar 28, 2014 12:01:29 PM org.apache.coyote.AbstractProtocol stop
INFO: Stopping ProtocolHandler ["ajp-bio-8009"]
Mar 28, 2014 12:01:29 PM org.apache.coyote.AbstractProtocol destroy
INFO: Destroying ProtocolHandler ["http-bio-8080"]
Mar 28, 2014 12:01:29 PM org.apache.coyote.AbstractProtocol destroy
INFO: Destroying ProtocolHandler ["ajp-bio-8009"]
Mar 28, 2014 1:08:44 PM org.apache.catalina.core.AprLifecycleListener init
INFO: The APR based Apache Tomcat Native library which allows optimal performance in production environments was not found on the java.library.path: /usr/java/packages/lib/amd64:/usr/lib64:/lib64:/lib:/usr/lib
Mar 28, 2014 1:08:45 PM org.apache.coyote.AbstractProtocol init
INFO: Initializing ProtocolHandler ["http-bio-8080"]
Mar 28, 2014 1:08:45 PM org.apache.coyote.AbstractProtocol init
INFO: Initializing ProtocolHandler ["ajp-bio-8009"]
Mar 28, 2014 1:08:45 PM org.apache.catalina.startup.Catalina load
INFO: Initialization processed in 1581 ms
Mar 28, 2014 1:08:45 PM org.apache.catalina.core.StandardService startInternal
INFO: Starting service Catalina
Mar 28, 2014 1:08:45 PM org.apache.catalina.core.StandardEngine startInternal
INFO: Starting Servlet Engine: Apache Tomcat/7.0.52
Mar 28, 2014 1:08:45 PM org.apache.catalina.startup.HostConfig deployWAR
INFO: Deploying web application archive /home/neouser/mahi1/multimodulewithseleniumandbootstrap/tools/tomcat/apache-tomcat-7.0.52/webapps/web.war
Mar 28, 2014 1:08:59 PM org.springframework.web.context.ContextLoader initWebApplicationContext
INFO: Root WebApplicationContext: initialization started
Mar 28, 2014 1:08:59 PM org.springframework.web.context.support.AnnotationConfigWebApplicationContext prepareRefresh
INFO: Refreshing Root WebApplicationContext: startup date [Fri Mar 28 13:08:59 IST 2014]; root of context hierarchy
Mar 28, 2014 1:08:59 PM org.springframework.context.annotation.ClassPathBeanDefinitionScanner registerDefaultFilters
INFO: JSR-250 'javax.annotation.ManagedBean' found and supported for component scanning
Mar 28, 2014 1:08:59 PM org.springframework.web.context.support.AnnotationConfigWebApplicationContext loadBeanDefinitions
INFO: Registering annotated classes: [class com.neova.init.WebAppConfig]
Mar 28, 2014 1:09:00 PM org.springframework.context.annotation.ClassPathBeanDefinitionScanner registerDefaultFilters
INFO: JSR-250 'javax.annotation.ManagedBean' found and supported for component scanning
Mar 28, 2014 1:09:00 PM org.springframework.beans.factory.xml.XmlBeanDefinitionReader loadBeanDefinitions
INFO: Loading XML bean definitions from class path resource [spring-security.xml]
Mar 28, 2014 1:09:01 PM org.springframework.security.core.SpringSecurityCoreVersion <clinit>
INFO: You are running with Spring Security Core 3.1.2.RELEASE
Mar 28, 2014 1:09:01 PM org.springframework.security.config.SecurityNamespaceHandler <init>
INFO: Spring Security 'config' module version is 3.1.2.RELEASE
Mar 28, 2014 1:09:01 PM org.springframework.security.config.http.HttpSecurityBeanDefinitionParser checkFilterChainOrder
INFO: Checking sorted filter chain: [Root bean: class [org.springframework.security.web.context.SecurityContextPersistenceFilter]; scope=; abstract=false; lazyInit=false; autowireMode=0; dependencyCheck=0; autowireCandidate=true; primary=false; factoryBeanName=null; factoryMethodName=null; initMethodName=null; destroyMethodName=null, order = 300, Root bean: class [org.springframework.security.web.authentication.logout.LogoutFilter]; scope=; abstract=false; lazyInit=false; autowireMode=0; dependencyCheck=0; autowireCandidate=true; primary=false; factoryBeanName=null; factoryMethodName=null; initMethodName=null; destroyMethodName=null, order = 400, <org.springframework.security.web.authentication.UsernamePasswordAuthenticationFilter#0>, order = 800, Root bean: class [org.springframework.security.web.authentication.www.BasicAuthenticationFilter]; scope=; abstract=false; lazyInit=false; autowireMode=0; dependencyCheck=0; autowireCandidate=true; primary=false; factoryBeanName=null; factoryMethodName=null; initMethodName=null; destroyMethodName=null, order = 1200, Root bean: class [org.springframework.security.web.savedrequest.RequestCacheAwareFilter]; scope=; abstract=false; lazyInit=false; autowireMode=0; dependencyCheck=0; autowireCandidate=true; primary=false; factoryBeanName=null; factoryMethodName=null; initMethodName=null; destroyMethodName=null, order = 1300, Root bean: class [org.springframework.security.web.servletapi.SecurityContextHolderAwareRequestFilter]; scope=; abstract=false; lazyInit=false; autowireMode=0; dependencyCheck=0; autowireCandidate=true; primary=false; factoryBeanName=null; factoryMethodName=null; initMethodName=null; destroyMethodName=null, order = 1400, Root bean: class [org.springframework.security.web.authentication.AnonymousAuthenticationFilter]; scope=; abstract=false; lazyInit=false; autowireMode=0; dependencyCheck=0; autowireCandidate=true; primary=false; factoryBeanName=null; factoryMethodName=null; initMethodName=null; destroyMethodName=null, order = 1700, Root bean: class [org.springframework.security.web.session.SessionManagementFilter]; scope=; abstract=false; lazyInit=false; autowireMode=0; dependencyCheck=0; autowireCandidate=true; primary=false; factoryBeanName=null; factoryMethodName=null; initMethodName=null; destroyMethodName=null, order = 1800, Root bean: class [org.springframework.security.web.access.ExceptionTranslationFilter]; scope=; abstract=false; lazyInit=false; autowireMode=0; dependencyCheck=0; autowireCandidate=true; primary=false; factoryBeanName=null; factoryMethodName=null; initMethodName=null; destroyMethodName=null, order = 1900, <org.springframework.security.web.access.intercept.FilterSecurityInterceptor#0>, order = 2000]
Mar 28, 2014 1:09:02 PM org.springframework.beans.factory.support.DefaultListableBeanFactory preInstantiateSingletons
INFO: Pre-instantiating singletons in org.springframework.beans.factory.support.DefaultListableBeanFactory@7743c3d2: defining beans [org.springframework.context.annotation.internalConfigurationAnnotationProcessor,org.springframework.context.annotation.internalAutowiredAnnotationProcessor,org.springframework.context.annotation.internalRequiredAnnotationProcessor,org.springframework.context.annotation.internalCommonAnnotationProcessor,org.springframework.context.annotation.internalPersistenceAnnotationProcessor,webAppConfig,org.springframework.context.annotation.ConfigurationClassPostProcessor.importAwareProcessor,linkNavigation,securityNavigation,roleDAOImpl,userDAOImpl,customUserDetailsService,roleServiceImpl,userServiceImpl,org.springframework.aop.config.internalAutoProxyCreator,org.springframework.web.servlet.config.annotation.DelegatingWebMvcConfiguration,requestMappingHandlerMapping,viewControllerHandlerMapping,beanNameHandlerMapping,resourceHandlerMapping,defaultServletHandlerMapping,requestMappingHandlerAdapter,mvcConversionService,mvcValidator,httpRequestHandlerAdapter,simpleControllerHandlerAdapter,handlerExceptionResolver,org.springframework.transaction.annotation.ProxyTransactionManagementConfiguration,org.springframework.transaction.config.internalTransactionAdvisor,transactionAttributeSource,transactionInterceptor,transactionManager,getViewResolver,dataSource,sessionFactory,org.springframework.security.filterChains,org.springframework.security.filterChainProxy,org.springframework.security.web.PortMapperImpl#0,org.springframework.security.web.PortResolverImpl#0,org.springframework.security.config.authentication.AuthenticationManagerFactoryBean#0,org.springframework.security.authentication.ProviderManager#0,org.springframework.security.web.context.HttpSessionSecurityContextRepository#0,org.springframework.security.web.authentication.session.SessionFixationProtectionStrategy#0,org.springframework.security.web.savedrequest.HttpSessionRequestCache#0,org.springframework.security.access.vote.AffirmativeBased#0,org.springframework.security.web.access.intercept.FilterSecurityInterceptor#0,org.springframework.security.web.access.DefaultWebInvocationPrivilegeEvaluator#0,org.springframework.security.authentication.AnonymousAuthenticationProvider#0,org.springframework.security.web.authentication.www.BasicAuthenticationEntryPoint#0,org.springframework.security.web.authentication.UsernamePasswordAuthenticationFilter#0,org.springframework.security.userDetailsServiceFactory,org.springframework.security.web.DefaultSecurityFilterChain#0,org.springframework.security.authentication.dao.DaoAuthenticationProvider#0,org.springframework.security.authentication.DefaultAuthenticationEventPublisher#0,org.springframework.security.authenticationManager]; root of factory hierarchy
Mar 28, 2014 1:09:03 PM org.springframework.jdbc.datasource.DriverManagerDataSource setDriverClassName
INFO: Loaded JDBC driver: com.mysql.jdbc.Driver
Mar 28, 2014 1:09:03 PM org.hibernate.annotations.common.Version <clinit>
INFO: HCANN000001: Hibernate Commons Annotations {4.0.1.Final}
Mar 28, 2014 1:09:03 PM org.hibernate.Version logVersion
INFO: HHH000412: Hibernate Core {4.1.7.Final}
Mar 28, 2014 1:09:03 PM org.hibernate.cfg.Environment <clinit>
INFO: HHH000206: hibernate.properties not found
Mar 28, 2014 1:09:03 PM org.hibernate.cfg.Environment buildBytecodeProvider
INFO: HHH000021: Bytecode provider name : javassist
Mar 28, 2014 1:09:04 PM org.hibernate.dialect.Dialect <init>
INFO: HHH000400: Using dialect: org.hibernate.dialect.MySQL5InnoDBDialect
Mar 28, 2014 1:09:05 PM org.hibernate.engine.transaction.internal.TransactionFactoryInitiator initiateService
INFO: HHH000399: Using default transaction strategy (direct JDBC transactions)
Mar 28, 2014 1:09:05 PM org.hibernate.hql.internal.ast.ASTQueryTranslatorFactory <init>
INFO: HHH000397: Using ASTQueryTranslatorFactory
Mar 28, 2014 1:09:06 PM org.springframework.web.servlet.mvc.method.annotation.RequestMappingHandlerMapping registerHandlerMethod
INFO: Mapped "{[/admin/save],methods=[POST],params=[update],headers=[],consumes=[],produces=[],custom=[]}" onto public org.springframework.web.servlet.ModelAndView com.neova.controller.LinkNavigation.updateUser(java.lang.String,com.neova.bean.UserBean,org.springframework.validation.BindingResult)
Mar 28, 2014 1:09:06 PM org.springframework.web.servlet.mvc.method.annotation.RequestMappingHandlerMapping registerHandlerMethod
INFO: Mapped "{[/admin/first],methods=[GET],params=[],headers=[],consumes=[],produces=[],custom=[]}" onto public org.springframework.web.servlet.ModelAndView com.neova.controller.LinkNavigation.addEmployee(com.neova.bean.UserBean,org.springframework.validation.BindingResult)
Mar 28, 2014 1:09:06 PM org.springframework.web.servlet.mvc.method.annotation.RequestMappingHandlerMapping registerHandlerMethod
INFO: Mapped "{[/admin/delete],methods=[GET],params=[],headers=[],consumes=[],produces=[],custom=[]}" onto public org.springframework.web.servlet.ModelAndView com.neova.controller.LinkNavigation.deleteUser(com.neova.bean.UserBean,org.springframework.validation.BindingResult)
Mar 28, 2014 1:09:06 PM org.springframework.web.servlet.mvc.method.annotation.RequestMappingHandlerMapping registerHandlerMethod
INFO: Mapped "{[/admin/edit],methods=[GET],params=[],headers=[],consumes=[],produces=[],custom=[]}" onto public org.springframework.web.servlet.ModelAndView com.neova.controller.LinkNavigation.editUser(com.neova.bean.UserBean,org.springframework.validation.BindingResult)
Mar 28, 2014 1:09:06 PM org.springframework.web.servlet.mvc.method.annotation.RequestMappingHandlerMapping registerHandlerMethod
INFO: Mapped "{[/],methods=[GET],params=[],headers=[],consumes=[],produces=[],custom=[]}" onto public org.springframework.web.servlet.ModelAndView com.neova.controller.LinkNavigation.homePage()
Mar 28, 2014 1:09:06 PM org.springframework.web.servlet.mvc.method.annotation.RequestMappingHandlerMapping registerHandlerMethod
INFO: Mapped "{[/index],methods=[GET],params=[],headers=[],consumes=[],produces=[],custom=[]}" onto public org.springframework.web.servlet.ModelAndView com.neova.controller.LinkNavigation.indexPage()
Mar 28, 2014 1:09:06 PM org.springframework.web.servlet.mvc.method.annotation.RequestMappingHandlerMapping registerHandlerMethod
INFO: Mapped "{[/admin/second],methods=[GET],params=[],headers=[],consumes=[],produces=[],custom=[]}" onto public org.springframework.web.servlet.ModelAndView com.neova.controller.LinkNavigation.secondAdminPage()
Mar 28, 2014 1:09:06 PM org.springframework.web.servlet.mvc.method.annotation.RequestMappingHandlerMapping registerHandlerMethod
INFO: Mapped "{[/sec/moderation],methods=[GET],params=[],headers=[],consumes=[],produces=[],custom=[]}" onto public org.springframework.web.servlet.ModelAndView com.neova.controller.LinkNavigation.listUsers()
Mar 28, 2014 1:09:06 PM org.springframework.web.servlet.mvc.method.annotation.RequestMappingHandlerMapping registerHandlerMethod
INFO: Mapped "{[/admin/save],methods=[POST],params=[save],headers=[],consumes=[],produces=[],custom=[]}" onto public org.springframework.web.servlet.ModelAndView com.neova.controller.LinkNavigation.saveUser(java.lang.String,com.neova.bean.UserBean,org.springframework.validation.BindingResult)
Mar 28, 2014 1:09:06 PM org.springframework.web.servlet.mvc.method.annotation.RequestMappingHandlerMapping registerHandlerMethod
INFO: Mapped "{[/error-login],methods=[GET],params=[],headers=[],consumes=[],produces=[],custom=[]}" onto public org.springframework.web.servlet.ModelAndView com.neova.controller.SecurityNavigation.invalidLogin()
Mar 28, 2014 1:09:06 PM org.springframework.web.servlet.mvc.method.annotation.RequestMappingHandlerMapping registerHandlerMethod
INFO: Mapped "{[/success-login],methods=[GET],params=[],headers=[],consumes=[],produces=[],custom=[]}" onto public org.springframework.web.servlet.ModelAndView com.neova.controller.SecurityNavigation.successLogin()
Mar 28, 2014 1:09:06 PM org.springframework.web.servlet.mvc.method.annotation.RequestMappingHandlerMapping registerHandlerMethod
INFO: Mapped "{[/access-denied],methods=[GET],params=[],headers=[],consumes=[],produces=[],custom=[]}" onto public java.lang.String com.neova.controller.SecurityNavigation.accessDenied(org.springframework.ui.ModelMap)
Mar 28, 2014 1:09:06 PM org.springframework.web.servlet.mvc.method.annotation.RequestMappingHandlerMapping registerHandlerMethod
INFO: Mapped "{[/user-login],methods=[GET],params=[],headers=[],consumes=[],produces=[],custom=[]}" onto public org.springframework.web.servlet.ModelAndView com.neova.controller.SecurityNavigation.loginForm()
Mar 28, 2014 1:09:07 PM org.springframework.orm.hibernate4.HibernateTransactionManager afterPropertiesSet
INFO: Using DataSource [org.springframework.jdbc.datasource.DriverManagerDataSource@4cc4cc47] of Hibernate SessionFactory for HibernateTransactionManager
Mar 28, 2014 1:09:08 PM org.springframework.security.web.DefaultSecurityFilterChain <init>
INFO: Creating filter chain: org.springframework.security.web.util.AnyRequestMatcher@1, [org.springframework.security.web.context.SecurityContextPersistenceFilter@5ff3836a, org.springframework.security.web.authentication.logout.LogoutFilter@6c38d55c, org.springframework.security.web.authentication.UsernamePasswordAuthenticationFilter@73fc286, org.springframework.security.web.authentication.www.BasicAuthenticationFilter@6afbef21, org.springframework.security.web.savedrequest.RequestCacheAwareFilter@42109666, org.springframework.security.web.servletapi.SecurityContextHolderAwareRequestFilter@4f02246c, org.springframework.security.web.authentication.AnonymousAuthenticationFilter@15a556fa, org.springframework.security.web.session.SessionManagementFilter@19f14230, org.springframework.security.web.access.ExceptionTranslationFilter@2e306a9e, org.springframework.security.web.access.intercept.FilterSecurityInterceptor@6ca7c2c2]
Mar 28, 2014 1:09:08 PM org.springframework.security.config.http.DefaultFilterChainValidator checkLoginPageIsntProtected
INFO: Checking whether login URL '/user-login.html' is accessible with your configuration
Mar 28, 2014 1:09:08 PM org.springframework.web.context.ContextLoader initWebApplicationContext
INFO: Root WebApplicationContext: initialization completed in 9064 ms
Mar 28, 2014 1:09:14 PM org.apache.catalina.util.SessionIdGenerator createSecureRandom
INFO: Creation of SecureRandom instance for session ID generation using [SHA1PRNG] took [5,393] milliseconds.
Mar 28, 2014 1:09:14 PM org.springframework.web.servlet.DispatcherServlet initServletBean
INFO: FrameworkServlet 'dispatcher': initialization started
Mar 28, 2014 1:09:14 PM org.springframework.web.servlet.DispatcherServlet initServletBean
INFO: FrameworkServlet 'dispatcher': initialization completed in 54 ms
Mar 28, 2014 1:09:14 PM org.apache.coyote.AbstractProtocol start
INFO: Starting ProtocolHandler ["http-bio-8080"]
Mar 28, 2014 1:09:14 PM org.apache.coyote.AbstractProtocol start
INFO: Starting ProtocolHandler ["ajp-bio-8009"]
Mar 28, 2014 1:09:14 PM org.apache.catalina.startup.Catalina start
INFO: Server startup in 28772 ms
Mar 28, 2014 1:16:37 PM org.apache.catalina.core.StandardServer await
INFO: A valid shutdown command was received via the shutdown port. Stopping the Server instance.
Mar 28, 2014 1:16:37 PM org.apache.coyote.AbstractProtocol pause
INFO: Pausing ProtocolHandler ["http-bio-8080"]
Mar 28, 2014 1:16:37 PM org.apache.coyote.AbstractProtocol pause
INFO: Pausing ProtocolHandler ["ajp-bio-8009"]
Mar 28, 2014 1:16:37 PM org.apache.catalina.core.StandardService stopInternal
INFO: Stopping service Catalina
Mar 28, 2014 1:16:37 PM org.springframework.web.context.support.AnnotationConfigWebApplicationContext doClose
INFO: Closing Root WebApplicationContext: startup date [Fri Mar 28 13:08:59 IST 2014]; root of context hierarchy
Mar 28, 2014 1:16:37 PM org.springframework.beans.factory.support.DefaultListableBeanFactory destroySingletons
INFO: Destroying singletons in org.springframework.beans.factory.support.DefaultListableBeanFactory@7743c3d2: defining beans [org.springframework.context.annotation.internalConfigurationAnnotationProcessor,org.springframework.context.annotation.internalAutowiredAnnotationProcessor,org.springframework.context.annotation.internalRequiredAnnotationProcessor,org.springframework.context.annotation.internalCommonAnnotationProcessor,org.springframework.context.annotation.internalPersistenceAnnotationProcessor,webAppConfig,org.springframework.context.annotation.ConfigurationClassPostProcessor.importAwareProcessor,linkNavigation,securityNavigation,roleDAOImpl,userDAOImpl,customUserDetailsService,roleServiceImpl,userServiceImpl,org.springframework.aop.config.internalAutoProxyCreator,org.springframework.web.servlet.config.annotation.DelegatingWebMvcConfiguration,requestMappingHandlerMapping,viewControllerHandlerMapping,beanNameHandlerMapping,resourceHandlerMapping,defaultServletHandlerMapping,requestMappingHandlerAdapter,mvcConversionService,mvcValidator,httpRequestHandlerAdapter,simpleControllerHandlerAdapter,handlerExceptionResolver,org.springframework.transaction.annotation.ProxyTransactionManagementConfiguration,org.springframework.transaction.config.internalTransactionAdvisor,transactionAttributeSource,transactionInterceptor,transactionManager,getViewResolver,dataSource,sessionFactory,org.springframework.security.filterChains,org.springframework.security.filterChainProxy,org.springframework.security.web.PortMapperImpl#0,org.springframework.security.web.PortResolverImpl#0,org.springframework.security.config.authentication.AuthenticationManagerFactoryBean#0,org.springframework.security.authentication.ProviderManager#0,org.springframework.security.web.context.HttpSessionSecurityContextRepository#0,org.springframework.security.web.authentication.session.SessionFixationProtectionStrategy#0,org.springframework.security.web.savedrequest.HttpSessionRequestCache#0,org.springframework.security.access.vote.AffirmativeBased#0,org.springframework.security.web.access.intercept.FilterSecurityInterceptor#0,org.springframework.security.web.access.DefaultWebInvocationPrivilegeEvaluator#0,org.springframework.security.authentication.AnonymousAuthenticationProvider#0,org.springframework.security.web.authentication.www.BasicAuthenticationEntryPoint#0,org.springframework.security.web.authentication.UsernamePasswordAuthenticationFilter#0,org.springframework.security.userDetailsServiceFactory,org.springframework.security.web.DefaultSecurityFilterChain#0,org.springframework.security.authentication.dao.DaoAuthenticationProvider#0,org.springframework.security.authentication.DefaultAuthenticationEventPublisher#0,org.springframework.security.authenticationManager]; root of factory hierarchy
Mar 28, 2014 1:16:37 PM org.apache.catalina.loader.WebappClassLoader clearReferencesJdbc
SEVERE: The web application [/web] registered the JDBC driver [com.mysql.jdbc.Driver] but failed to unregister it when the web application was stopped. To prevent a memory leak, the JDBC Driver has been forcibly unregistered.
Mar 28, 2014 1:16:37 PM org.apache.catalina.loader.WebappClassLoader clearReferencesThreads
SEVERE: The web application [/web] appears to have started a thread named [Abandoned connection cleanup thread] but has failed to stop it. This is very likely to create a memory leak.
Mar 28, 2014 1:16:37 PM org.apache.coyote.AbstractProtocol stop
INFO: Stopping ProtocolHandler ["http-bio-8080"]
Mar 28, 2014 1:16:37 PM org.apache.coyote.AbstractProtocol stop
INFO: Stopping ProtocolHandler ["ajp-bio-8009"]
Mar 28, 2014 1:16:37 PM org.apache.coyote.AbstractProtocol destroy
INFO: Destroying ProtocolHandler ["http-bio-8080"]
Mar 28, 2014 1:16:37 PM org.apache.coyote.AbstractProtocol destroy
INFO: Destroying ProtocolHandler ["ajp-bio-8009"]
Mar 28, 2014 1:30:56 PM org.apache.catalina.core.AprLifecycleListener init
INFO: The APR based Apache Tomcat Native library which allows optimal performance in production environments was not found on the java.library.path: /usr/java/packages/lib/amd64:/usr/lib64:/lib64:/lib:/usr/lib
Mar 28, 2014 1:30:57 PM org.apache.coyote.AbstractProtocol init
INFO: Initializing ProtocolHandler ["http-bio-8080"]
Mar 28, 2014 1:30:57 PM org.apache.coyote.AbstractProtocol init
INFO: Initializing ProtocolHandler ["ajp-bio-8009"]
Mar 28, 2014 1:30:57 PM org.apache.catalina.startup.Catalina load
INFO: Initialization processed in 1696 ms
Mar 28, 2014 1:30:57 PM org.apache.catalina.core.StandardService startInternal
INFO: Starting service Catalina
Mar 28, 2014 1:30:57 PM org.apache.catalina.core.StandardEngine startInternal
INFO: Starting Servlet Engine: Apache Tomcat/7.0.52
Mar 28, 2014 1:30:57 PM org.apache.catalina.startup.HostConfig deployWAR
INFO: Deploying web application archive /home/neouser/mahi1/multimodulewithseleniumandbootstrap/tools/tomcat/apache-tomcat-7.0.52/webapps/web.war
Mar 28, 2014 1:31:13 PM org.springframework.web.context.ContextLoader initWebApplicationContext
INFO: Root WebApplicationContext: initialization started
Mar 28, 2014 1:31:13 PM org.springframework.web.context.support.AnnotationConfigWebApplicationContext prepareRefresh
INFO: Refreshing Root WebApplicationContext: startup date [Fri Mar 28 13:31:13 IST 2014]; root of context hierarchy
Mar 28, 2014 1:31:13 PM org.springframework.context.annotation.ClassPathBeanDefinitionScanner registerDefaultFilters
INFO: JSR-250 'javax.annotation.ManagedBean' found and supported for component scanning
Mar 28, 2014 1:31:13 PM org.springframework.web.context.support.AnnotationConfigWebApplicationContext loadBeanDefinitions
INFO: Registering annotated classes: [class com.neova.init.WebAppConfig]
Mar 28, 2014 1:31:13 PM org.springframework.context.annotation.ClassPathBeanDefinitionScanner registerDefaultFilters
INFO: JSR-250 'javax.annotation.ManagedBean' found and supported for component scanning
Mar 28, 2014 1:31:15 PM org.springframework.beans.factory.xml.XmlBeanDefinitionReader loadBeanDefinitions
INFO: Loading XML bean definitions from class path resource [spring-security.xml]
Mar 28, 2014 1:31:16 PM org.springframework.security.core.SpringSecurityCoreVersion <clinit>
INFO: You are running with Spring Security Core 3.1.2.RELEASE
Mar 28, 2014 1:31:16 PM org.springframework.security.config.SecurityNamespaceHandler <init>
INFO: Spring Security 'config' module version is 3.1.2.RELEASE
Mar 28, 2014 1:31:16 PM org.springframework.security.config.http.HttpSecurityBeanDefinitionParser checkFilterChainOrder
INFO: Checking sorted filter chain: [Root bean: class [org.springframework.security.web.context.SecurityContextPersistenceFilter]; scope=; abstract=false; lazyInit=false; autowireMode=0; dependencyCheck=0; autowireCandidate=true; primary=false; factoryBeanName=null; factoryMethodName=null; initMethodName=null; destroyMethodName=null, order = 300, Root bean: class [org.springframework.security.web.authentication.logout.LogoutFilter]; scope=; abstract=false; lazyInit=false; autowireMode=0; dependencyCheck=0; autowireCandidate=true; primary=false; factoryBeanName=null; factoryMethodName=null; initMethodName=null; destroyMethodName=null, order = 400, <org.springframework.security.web.authentication.UsernamePasswordAuthenticationFilter#0>, order = 800, Root bean: class [org.springframework.security.web.authentication.www.BasicAuthenticationFilter]; scope=; abstract=false; lazyInit=false; autowireMode=0; dependencyCheck=0; autowireCandidate=true; primary=false; factoryBeanName=null; factoryMethodName=null; initMethodName=null; destroyMethodName=null, order = 1200, Root bean: class [org.springframework.security.web.savedrequest.RequestCacheAwareFilter]; scope=; abstract=false; lazyInit=false; autowireMode=0; dependencyCheck=0; autowireCandidate=true; primary=false; factoryBeanName=null; factoryMethodName=null; initMethodName=null; destroyMethodName=null, order = 1300, Root bean: class [org.springframework.security.web.servletapi.SecurityContextHolderAwareRequestFilter]; scope=; abstract=false; lazyInit=false; autowireMode=0; dependencyCheck=0; autowireCandidate=true; primary=false; factoryBeanName=null; factoryMethodName=null; initMethodName=null; destroyMethodName=null, order = 1400, Root bean: class [org.springframework.security.web.authentication.AnonymousAuthenticationFilter]; scope=; abstract=false; lazyInit=false; autowireMode=0; dependencyCheck=0; autowireCandidate=true; primary=false; factoryBeanName=null; factoryMethodName=null; initMethodName=null; destroyMethodName=null, order = 1700, Root bean: class [org.springframework.security.web.session.SessionManagementFilter]; scope=; abstract=false; lazyInit=false; autowireMode=0; dependencyCheck=0; autowireCandidate=true; primary=false; factoryBeanName=null; factoryMethodName=null; initMethodName=null; destroyMethodName=null, order = 1800, Root bean: class [org.springframework.security.web.access.ExceptionTranslationFilter]; scope=; abstract=false; lazyInit=false; autowireMode=0; dependencyCheck=0; autowireCandidate=true; primary=false; factoryBeanName=null; factoryMethodName=null; initMethodName=null; destroyMethodName=null, order = 1900, <org.springframework.security.web.access.intercept.FilterSecurityInterceptor#0>, order = 2000]
Mar 28, 2014 1:31:17 PM org.springframework.beans.factory.support.DefaultListableBeanFactory preInstantiateSingletons
INFO: Pre-instantiating singletons in org.springframework.beans.factory.support.DefaultListableBeanFactory@4dce6d48: defining beans [org.springframework.context.annotation.internalConfigurationAnnotationProcessor,org.springframework.context.annotation.internalAutowiredAnnotationProcessor,org.springframework.context.annotation.internalRequiredAnnotationProcessor,org.springframework.context.annotation.internalCommonAnnotationProcessor,org.springframework.context.annotation.internalPersistenceAnnotationProcessor,webAppConfig,org.springframework.context.annotation.ConfigurationClassPostProcessor.importAwareProcessor,linkNavigation,securityNavigation,roleDAOImpl,userDAOImpl,customUserDetailsService,roleServiceImpl,userServiceImpl,org.springframework.aop.config.internalAutoProxyCreator,org.springframework.web.servlet.config.annotation.DelegatingWebMvcConfiguration,requestMappingHandlerMapping,viewControllerHandlerMapping,beanNameHandlerMapping,resourceHandlerMapping,defaultServletHandlerMapping,requestMappingHandlerAdapter,mvcConversionService,mvcValidator,httpRequestHandlerAdapter,simpleControllerHandlerAdapter,handlerExceptionResolver,org.springframework.transaction.annotation.ProxyTransactionManagementConfiguration,org.springframework.transaction.config.internalTransactionAdvisor,transactionAttributeSource,transactionInterceptor,sessionFactory,transactionManager,getViewResolver,dataSource,org.springframework.security.filterChains,org.springframework.security.filterChainProxy,org.springframework.security.web.PortMapperImpl#0,org.springframework.security.web.PortResolverImpl#0,org.springframework.security.config.authentication.AuthenticationManagerFactoryBean#0,org.springframework.security.authentication.ProviderManager#0,org.springframework.security.web.context.HttpSessionSecurityContextRepository#0,org.springframework.security.web.authentication.session.SessionFixationProtectionStrategy#0,org.springframework.security.web.savedrequest.HttpSessionRequestCache#0,org.springframework.security.access.vote.AffirmativeBased#0,org.springframework.security.web.access.intercept.FilterSecurityInterceptor#0,org.springframework.security.web.access.DefaultWebInvocationPrivilegeEvaluator#0,org.springframework.security.authentication.AnonymousAuthenticationProvider#0,org.springframework.security.web.authentication.www.BasicAuthenticationEntryPoint#0,org.springframework.security.web.authentication.UsernamePasswordAuthenticationFilter#0,org.springframework.security.userDetailsServiceFactory,org.springframework.security.web.DefaultSecurityFilterChain#0,org.springframework.security.authentication.dao.DaoAuthenticationProvider#0,org.springframework.security.authentication.DefaultAuthenticationEventPublisher#0,org.springframework.security.authenticationManager]; root of factory hierarchy
Mar 28, 2014 1:31:18 PM org.springframework.jdbc.datasource.DriverManagerDataSource setDriverClassName
INFO: Loaded JDBC driver: com.mysql.jdbc.Driver
Mar 28, 2014 1:31:19 PM org.hibernate.annotations.common.Version <clinit>
INFO: HCANN000001: Hibernate Commons Annotations {4.0.1.Final}
Mar 28, 2014 1:31:19 PM org.hibernate.Version logVersion
INFO: HHH000412: Hibernate Core {4.1.7.Final}
Mar 28, 2014 1:31:19 PM org.hibernate.cfg.Environment <clinit>
INFO: HHH000206: hibernate.properties not found
Mar 28, 2014 1:31:19 PM org.hibernate.cfg.Environment buildBytecodeProvider
INFO: HHH000021: Bytecode provider name : javassist
Mar 28, 2014 1:31:20 PM org.hibernate.dialect.Dialect <init>
INFO: HHH000400: Using dialect: org.hibernate.dialect.MySQL5InnoDBDialect
Mar 28, 2014 1:31:20 PM org.hibernate.engine.transaction.internal.TransactionFactoryInitiator initiateService
INFO: HHH000399: Using default transaction strategy (direct JDBC transactions)
Mar 28, 2014 1:31:20 PM org.hibernate.hql.internal.ast.ASTQueryTranslatorFactory <init>
INFO: HHH000397: Using ASTQueryTranslatorFactory
Mar 28, 2014 1:31:21 PM org.springframework.web.servlet.mvc.method.annotation.RequestMappingHandlerMapping registerHandlerMethod
INFO: Mapped "{[/admin/save],methods=[POST],params=[save],headers=[],consumes=[],produces=[],custom=[]}" onto public org.springframework.web.servlet.ModelAndView com.neova.controller.LinkNavigation.saveUser(java.lang.String,com.neova.bean.UserBean,org.springframework.validation.BindingResult)
Mar 28, 2014 1:31:21 PM org.springframework.web.servlet.mvc.method.annotation.RequestMappingHandlerMapping registerHandlerMethod
INFO: Mapped "{[/sec/moderation],methods=[GET],params=[],headers=[],consumes=[],produces=[],custom=[]}" onto public org.springframework.web.servlet.ModelAndView com.neova.controller.LinkNavigation.listUsers()
Mar 28, 2014 1:31:21 PM org.springframework.web.servlet.mvc.method.annotation.RequestMappingHandlerMapping registerHandlerMethod
INFO: Mapped "{[/admin/save],methods=[POST],params=[update],headers=[],consumes=[],produces=[],custom=[]}" onto public org.springframework.web.servlet.ModelAndView com.neova.controller.LinkNavigation.updateUser(java.lang.String,com.neova.bean.UserBean,org.springframework.validation.BindingResult)
Mar 28, 2014 1:31:21 PM org.springframework.web.servlet.mvc.method.annotation.RequestMappingHandlerMapping registerHandlerMethod
INFO: Mapped "{[/admin/first],methods=[GET],params=[],headers=[],consumes=[],produces=[],custom=[]}" onto public org.springframework.web.servlet.ModelAndView com.neova.controller.LinkNavigation.addEmployee(com.neova.bean.UserBean,org.springframework.validation.BindingResult)
Mar 28, 2014 1:31:21 PM org.springframework.web.servlet.mvc.method.annotation.RequestMappingHandlerMapping registerHandlerMethod
INFO: Mapped "{[/admin/delete],methods=[GET],params=[],headers=[],consumes=[],produces=[],custom=[]}" onto public org.springframework.web.servlet.ModelAndView com.neova.controller.LinkNavigation.deleteUser(com.neova.bean.UserBean,org.springframework.validation.BindingResult)
Mar 28, 2014 1:31:21 PM org.springframework.web.servlet.mvc.method.annotation.RequestMappingHandlerMapping registerHandlerMethod
INFO: Mapped "{[/admin/edit],methods=[GET],params=[],headers=[],consumes=[],produces=[],custom=[]}" onto public org.springframework.web.servlet.ModelAndView com.neova.controller.LinkNavigation.editUser(com.neova.bean.UserBean,org.springframework.validation.BindingResult)
Mar 28, 2014 1:31:21 PM org.springframework.web.servlet.mvc.method.annotation.RequestMappingHandlerMapping registerHandlerMethod
INFO: Mapped "{[/],methods=[GET],params=[],headers=[],consumes=[],produces=[],custom=[]}" onto public org.springframework.web.servlet.ModelAndView com.neova.controller.LinkNavigation.homePage()
Mar 28, 2014 1:31:21 PM org.springframework.web.servlet.mvc.method.annotation.RequestMappingHandlerMapping registerHandlerMethod
INFO: Mapped "{[/index],methods=[GET],params=[],headers=[],consumes=[],produces=[],custom=[]}" onto public org.springframework.web.servlet.ModelAndView com.neova.controller.LinkNavigation.indexPage()
Mar 28, 2014 1:31:21 PM org.springframework.web.servlet.mvc.method.annotation.RequestMappingHandlerMapping registerHandlerMethod
INFO: Mapped "{[/admin/second],methods=[GET],params=[],headers=[],consumes=[],produces=[],custom=[]}" onto public org.springframework.web.servlet.ModelAndView com.neova.controller.LinkNavigation.secondAdminPage()
Mar 28, 2014 1:31:21 PM org.springframework.web.servlet.mvc.method.annotation.RequestMappingHandlerMapping registerHandlerMethod
INFO: Mapped "{[/user-login],methods=[GET],params=[],headers=[],consumes=[],produces=[],custom=[]}" onto public org.springframework.web.servlet.ModelAndView com.neova.controller.SecurityNavigation.loginForm()
Mar 28, 2014 1:31:21 PM org.springframework.web.servlet.mvc.method.annotation.RequestMappingHandlerMapping registerHandlerMethod
INFO: Mapped "{[/error-login],methods=[GET],params=[],headers=[],consumes=[],produces=[],custom=[]}" onto public org.springframework.web.servlet.ModelAndView com.neova.controller.SecurityNavigation.invalidLogin()
Mar 28, 2014 1:31:21 PM org.springframework.web.servlet.mvc.method.annotation.RequestMappingHandlerMapping registerHandlerMethod
INFO: Mapped "{[/success-login],methods=[GET],params=[],headers=[],consumes=[],produces=[],custom=[]}" onto public org.springframework.web.servlet.ModelAndView com.neova.controller.SecurityNavigation.successLogin()
Mar 28, 2014 1:31:21 PM org.springframework.web.servlet.mvc.method.annotation.RequestMappingHandlerMapping registerHandlerMethod
INFO: Mapped "{[/access-denied],methods=[GET],params=[],headers=[],consumes=[],produces=[],custom=[]}" onto public java.lang.String com.neova.controller.SecurityNavigation.accessDenied(org.springframework.ui.ModelMap)
Mar 28, 2014 1:31:22 PM org.springframework.orm.hibernate4.HibernateTransactionManager afterPropertiesSet
INFO: Using DataSource [org.springframework.jdbc.datasource.DriverManagerDataSource@6dcc3ba0] of Hibernate SessionFactory for HibernateTransactionManager
Mar 28, 2014 1:31:24 PM org.springframework.security.web.DefaultSecurityFilterChain <init>
INFO: Creating filter chain: org.springframework.security.web.util.AnyRequestMatcher@1, [org.springframework.security.web.context.SecurityContextPersistenceFilter@59e0980c, org.springframework.security.web.authentication.logout.LogoutFilter@281e69ed, org.springframework.security.web.authentication.UsernamePasswordAuthenticationFilter@64bc5b2e, org.springframework.security.web.authentication.www.BasicAuthenticationFilter@a065cad, org.springframework.security.web.savedrequest.RequestCacheAwareFilter@27ae66ff, org.springframework.security.web.servletapi.SecurityContextHolderAwareRequestFilter@2aec03b3, org.springframework.security.web.authentication.AnonymousAuthenticationFilter@6ce6f2c8, org.springframework.security.web.session.SessionManagementFilter@2e4d6053, org.springframework.security.web.access.ExceptionTranslationFilter@59ef00e4, org.springframework.security.web.access.intercept.FilterSecurityInterceptor@5a23a6dc]
Mar 28, 2014 1:31:24 PM org.springframework.security.config.http.DefaultFilterChainValidator checkLoginPageIsntProtected
INFO: Checking whether login URL '/user-login.html' is accessible with your configuration
Mar 28, 2014 1:31:24 PM org.springframework.web.context.ContextLoader initWebApplicationContext
INFO: Root WebApplicationContext: initialization completed in 11322 ms
Mar 28, 2014 1:31:29 PM org.apache.catalina.util.SessionIdGenerator createSecureRandom
INFO: Creation of SecureRandom instance for session ID generation using [SHA1PRNG] took [5,080] milliseconds.
Mar 28, 2014 1:31:29 PM org.springframework.web.servlet.DispatcherServlet initServletBean
INFO: FrameworkServlet 'dispatcher': initialization started
Mar 28, 2014 1:31:29 PM org.springframework.web.servlet.DispatcherServlet initServletBean
INFO: FrameworkServlet 'dispatcher': initialization completed in 84 ms
Mar 28, 2014 1:31:29 PM org.apache.coyote.AbstractProtocol start
INFO: Starting ProtocolHandler ["http-bio-8080"]
Mar 28, 2014 1:31:29 PM org.apache.coyote.AbstractProtocol start
INFO: Starting ProtocolHandler ["ajp-bio-8009"]
Mar 28, 2014 1:31:29 PM org.apache.catalina.startup.Catalina start
INFO: Server startup in 32438 ms
Mar 28, 2014 1:33:19 PM org.apache.jasper.compiler.TldLocationsCache tldScanJar
INFO: At least one JAR was scanned for TLDs yet contained no TLDs. Enable debug logging for this logger for a complete list of JARs that were scanned but no TLDs were found in them. Skipping unneeded JARs during scanning can improve startup time and JSP compilation time.
Mar 28, 2014 1:35:17 PM org.apache.catalina.core.StandardServer await
INFO: A valid shutdown command was received via the shutdown port. Stopping the Server instance.
Mar 28, 2014 1:35:17 PM org.apache.coyote.AbstractProtocol pause
INFO: Pausing ProtocolHandler ["http-bio-8080"]
Mar 28, 2014 1:35:17 PM org.apache.coyote.AbstractProtocol pause
INFO: Pausing ProtocolHandler ["ajp-bio-8009"]
Mar 28, 2014 1:35:17 PM org.apache.catalina.core.StandardService stopInternal
INFO: Stopping service Catalina
Mar 28, 2014 1:35:17 PM org.springframework.web.context.support.AnnotationConfigWebApplicationContext doClose
INFO: Closing Root WebApplicationContext: startup date [Fri Mar 28 13:31:13 IST 2014]; root of context hierarchy
Mar 28, 2014 1:35:17 PM org.springframework.beans.factory.support.DefaultListableBeanFactory destroySingletons
INFO: Destroying singletons in org.springframework.beans.factory.support.DefaultListableBeanFactory@4dce6d48: defining beans [org.springframework.context.annotation.internalConfigurationAnnotationProcessor,org.springframework.context.annotation.internalAutowiredAnnotationProcessor,org.springframework.context.annotation.internalRequiredAnnotationProcessor,org.springframework.context.annotation.internalCommonAnnotationProcessor,org.springframework.context.annotation.internalPersistenceAnnotationProcessor,webAppConfig,org.springframework.context.annotation.ConfigurationClassPostProcessor.importAwareProcessor,linkNavigation,securityNavigation,roleDAOImpl,userDAOImpl,customUserDetailsService,roleServiceImpl,userServiceImpl,org.springframework.aop.config.internalAutoProxyCreator,org.springframework.web.servlet.config.annotation.DelegatingWebMvcConfiguration,requestMappingHandlerMapping,viewControllerHandlerMapping,beanNameHandlerMapping,resourceHandlerMapping,defaultServletHandlerMapping,requestMappingHandlerAdapter,mvcConversionService,mvcValidator,httpRequestHandlerAdapter,simpleControllerHandlerAdapter,handlerExceptionResolver,org.springframework.transaction.annotation.ProxyTransactionManagementConfiguration,org.springframework.transaction.config.internalTransactionAdvisor,transactionAttributeSource,transactionInterceptor,sessionFactory,transactionManager,getViewResolver,dataSource,org.springframework.security.filterChains,org.springframework.security.filterChainProxy,org.springframework.security.web.PortMapperImpl#0,org.springframework.security.web.PortResolverImpl#0,org.springframework.security.config.authentication.AuthenticationManagerFactoryBean#0,org.springframework.security.authentication.ProviderManager#0,org.springframework.security.web.context.HttpSessionSecurityContextRepository#0,org.springframework.security.web.authentication.session.SessionFixationProtectionStrategy#0,org.springframework.security.web.savedrequest.HttpSessionRequestCache#0,org.springframework.security.access.vote.AffirmativeBased#0,org.springframework.security.web.access.intercept.FilterSecurityInterceptor#0,org.springframework.security.web.access.DefaultWebInvocationPrivilegeEvaluator#0,org.springframework.security.authentication.AnonymousAuthenticationProvider#0,org.springframework.security.web.authentication.www.BasicAuthenticationEntryPoint#0,org.springframework.security.web.authentication.UsernamePasswordAuthenticationFilter#0,org.springframework.security.userDetailsServiceFactory,org.springframework.security.web.DefaultSecurityFilterChain#0,org.springframework.security.authentication.dao.DaoAuthenticationProvider#0,org.springframework.security.authentication.DefaultAuthenticationEventPublisher#0,org.springframework.security.authenticationManager]; root of factory hierarchy
Mar 28, 2014 1:35:17 PM org.apache.catalina.loader.WebappClassLoader clearReferencesJdbc
SEVERE: The web application [/web] registered the JDBC driver [com.mysql.jdbc.Driver] but failed to unregister it when the web application was stopped. To prevent a memory leak, the JDBC Driver has been forcibly unregistered.
Mar 28, 2014 1:35:17 PM org.apache.catalina.loader.WebappClassLoader clearReferencesThreads
SEVERE: The web application [/web] appears to have started a thread named [Abandoned connection cleanup thread] but has failed to stop it. This is very likely to create a memory leak.
Mar 28, 2014 1:35:17 PM org.apache.coyote.AbstractProtocol stop
INFO: Stopping ProtocolHandler ["http-bio-8080"]
Mar 28, 2014 1:35:17 PM org.apache.coyote.AbstractProtocol stop
INFO: Stopping ProtocolHandler ["ajp-bio-8009"]
Mar 28, 2014 1:35:17 PM org.apache.coyote.AbstractProtocol destroy
INFO: Destroying ProtocolHandler ["http-bio-8080"]
Mar 28, 2014 1:35:17 PM org.apache.coyote.AbstractProtocol destroy
INFO: Destroying ProtocolHandler ["ajp-bio-8009"]
Mar 28, 2014 1:35:26 PM org.apache.catalina.core.AprLifecycleListener init
INFO: The APR based Apache Tomcat Native library which allows optimal performance in production environments was not found on the java.library.path: /usr/java/packages/lib/amd64:/usr/lib64:/lib64:/lib:/usr/lib
Mar 28, 2014 1:35:26 PM org.apache.coyote.AbstractProtocol init
INFO: Initializing ProtocolHandler ["http-bio-8080"]
Mar 28, 2014 1:35:26 PM org.apache.coyote.AbstractProtocol init
INFO: Initializing ProtocolHandler ["ajp-bio-8009"]
Mar 28, 2014 1:35:26 PM org.apache.catalina.startup.Catalina load
INFO: Initialization processed in 1573 ms
Mar 28, 2014 1:35:26 PM org.apache.catalina.core.StandardService startInternal
INFO: Starting service Catalina
Mar 28, 2014 1:35:26 PM org.apache.catalina.core.StandardEngine startInternal
INFO: Starting Servlet Engine: Apache Tomcat/7.0.52
Mar 28, 2014 1:35:26 PM org.apache.catalina.startup.HostConfig deployWAR
INFO: Deploying web application archive /home/neouser/mahi1/multimodulewithseleniumandbootstrap/tools/tomcat/apache-tomcat-7.0.52/webapps/web.war
Mar 28, 2014 1:35:38 PM org.springframework.web.context.ContextLoader initWebApplicationContext
INFO: Root WebApplicationContext: initialization started
Mar 28, 2014 1:35:38 PM org.springframework.web.context.support.AnnotationConfigWebApplicationContext prepareRefresh
INFO: Refreshing Root WebApplicationContext: startup date [Fri Mar 28 13:35:38 IST 2014]; root of context hierarchy
Mar 28, 2014 1:35:38 PM org.springframework.context.annotation.ClassPathBeanDefinitionScanner registerDefaultFilters
INFO: JSR-250 'javax.annotation.ManagedBean' found and supported for component scanning
Mar 28, 2014 1:35:38 PM org.springframework.web.context.support.AnnotationConfigWebApplicationContext loadBeanDefinitions
INFO: Registering annotated classes: [class com.neova.init.WebAppConfig]
Mar 28, 2014 1:35:38 PM org.springframework.context.annotation.ClassPathBeanDefinitionScanner registerDefaultFilters
INFO: JSR-250 'javax.annotation.ManagedBean' found and supported for component scanning
Mar 28, 2014 1:35:39 PM org.springframework.beans.factory.xml.XmlBeanDefinitionReader loadBeanDefinitions
INFO: Loading XML bean definitions from class path resource [spring-security.xml]
Mar 28, 2014 1:35:40 PM org.springframework.security.core.SpringSecurityCoreVersion <clinit>
INFO: You are running with Spring Security Core 3.1.2.RELEASE
Mar 28, 2014 1:35:40 PM org.springframework.security.config.SecurityNamespaceHandler <init>
INFO: Spring Security 'config' module version is 3.1.2.RELEASE
Mar 28, 2014 1:35:41 PM org.springframework.security.config.http.HttpSecurityBeanDefinitionParser checkFilterChainOrder
INFO: Checking sorted filter chain: [Root bean: class [org.springframework.security.web.context.SecurityContextPersistenceFilter]; scope=; abstract=false; lazyInit=false; autowireMode=0; dependencyCheck=0; autowireCandidate=true; primary=false; factoryBeanName=null; factoryMethodName=null; initMethodName=null; destroyMethodName=null, order = 300, Root bean: class [org.springframework.security.web.authentication.logout.LogoutFilter]; scope=; abstract=false; lazyInit=false; autowireMode=0; dependencyCheck=0; autowireCandidate=true; primary=false; factoryBeanName=null; factoryMethodName=null; initMethodName=null; destroyMethodName=null, order = 400, <org.springframework.security.web.authentication.UsernamePasswordAuthenticationFilter#0>, order = 800, Root bean: class [org.springframework.security.web.authentication.www.BasicAuthenticationFilter]; scope=; abstract=false; lazyInit=false; autowireMode=0; dependencyCheck=0; autowireCandidate=true; primary=false; factoryBeanName=null; factoryMethodName=null; initMethodName=null; destroyMethodName=null, order = 1200, Root bean: class [org.springframework.security.web.savedrequest.RequestCacheAwareFilter]; scope=; abstract=false; lazyInit=false; autowireMode=0; dependencyCheck=0; autowireCandidate=true; primary=false; factoryBeanName=null; factoryMethodName=null; initMethodName=null; destroyMethodName=null, order = 1300, Root bean: class [org.springframework.security.web.servletapi.SecurityContextHolderAwareRequestFilter]; scope=; abstract=false; lazyInit=false; autowireMode=0; dependencyCheck=0; autowireCandidate=true; primary=false; factoryBeanName=null; factoryMethodName=null; initMethodName=null; destroyMethodName=null, order = 1400, Root bean: class [org.springframework.security.web.authentication.AnonymousAuthenticationFilter]; scope=; abstract=false; lazyInit=false; autowireMode=0; dependencyCheck=0; autowireCandidate=true; primary=false; factoryBeanName=null; factoryMethodName=null; initMethodName=null; destroyMethodName=null, order = 1700, Root bean: class [org.springframework.security.web.session.SessionManagementFilter]; scope=; abstract=false; lazyInit=false; autowireMode=0; dependencyCheck=0; autowireCandidate=true; primary=false; factoryBeanName=null; factoryMethodName=null; initMethodName=null; destroyMethodName=null, order = 1800, Root bean: class [org.springframework.security.web.access.ExceptionTranslationFilter]; scope=; abstract=false; lazyInit=false; autowireMode=0; dependencyCheck=0; autowireCandidate=true; primary=false; factoryBeanName=null; factoryMethodName=null; initMethodName=null; destroyMethodName=null, order = 1900, <org.springframework.security.web.access.intercept.FilterSecurityInterceptor#0>, order = 2000]
Mar 28, 2014 1:35:41 PM org.springframework.beans.factory.support.DefaultListableBeanFactory preInstantiateSingletons
INFO: Pre-instantiating singletons in org.springframework.beans.factory.support.DefaultListableBeanFactory@472dd930: defining beans [org.springframework.context.annotation.internalConfigurationAnnotationProcessor,org.springframework.context.annotation.internalAutowiredAnnotationProcessor,org.springframework.context.annotation.internalRequiredAnnotationProcessor,org.springframework.context.annotation.internalCommonAnnotationProcessor,org.springframework.context.annotation.internalPersistenceAnnotationProcessor,webAppConfig,org.springframework.context.annotation.ConfigurationClassPostProcessor.importAwareProcessor,linkNavigation,securityNavigation,roleDAOImpl,userDAOImpl,customUserDetailsService,roleServiceImpl,userServiceImpl,org.springframework.aop.config.internalAutoProxyCreator,org.springframework.web.servlet.config.annotation.DelegatingWebMvcConfiguration,requestMappingHandlerMapping,viewControllerHandlerMapping,beanNameHandlerMapping,resourceHandlerMapping,defaultServletHandlerMapping,requestMappingHandlerAdapter,mvcConversionService,mvcValidator,httpRequestHandlerAdapter,simpleControllerHandlerAdapter,handlerExceptionResolver,org.springframework.transaction.annotation.ProxyTransactionManagementConfiguration,org.springframework.transaction.config.internalTransactionAdvisor,transactionAttributeSource,transactionInterceptor,transactionManager,getViewResolver,sessionFactory,dataSource,org.springframework.security.filterChains,org.springframework.security.filterChainProxy,org.springframework.security.web.PortMapperImpl#0,org.springframework.security.web.PortResolverImpl#0,org.springframework.security.config.authentication.AuthenticationManagerFactoryBean#0,org.springframework.security.authentication.ProviderManager#0,org.springframework.security.web.context.HttpSessionSecurityContextRepository#0,org.springframework.security.web.authentication.session.SessionFixationProtectionStrategy#0,org.springframework.security.web.savedrequest.HttpSessionRequestCache#0,org.springframework.security.access.vote.AffirmativeBased#0,org.springframework.security.web.access.intercept.FilterSecurityInterceptor#0,org.springframework.security.web.access.DefaultWebInvocationPrivilegeEvaluator#0,org.springframework.security.authentication.AnonymousAuthenticationProvider#0,org.springframework.security.web.authentication.www.BasicAuthenticationEntryPoint#0,org.springframework.security.web.authentication.UsernamePasswordAuthenticationFilter#0,org.springframework.security.userDetailsServiceFactory,org.springframework.security.web.DefaultSecurityFilterChain#0,org.springframework.security.authentication.dao.DaoAuthenticationProvider#0,org.springframework.security.authentication.DefaultAuthenticationEventPublisher#0,org.springframework.security.authenticationManager]; root of factory hierarchy
Mar 28, 2014 1:35:42 PM org.springframework.jdbc.datasource.DriverManagerDataSource setDriverClassName
INFO: Loaded JDBC driver: com.mysql.jdbc.Driver
Mar 28, 2014 1:35:42 PM org.hibernate.annotations.common.Version <clinit>
INFO: HCANN000001: Hibernate Commons Annotations {4.0.1.Final}
Mar 28, 2014 1:35:42 PM org.hibernate.Version logVersion
INFO: HHH000412: Hibernate Core {4.1.7.Final}
Mar 28, 2014 1:35:42 PM org.hibernate.cfg.Environment <clinit>
INFO: HHH000206: hibernate.properties not found
Mar 28, 2014 1:35:42 PM org.hibernate.cfg.Environment buildBytecodeProvider
INFO: HHH000021: Bytecode provider name : javassist
Mar 28, 2014 1:35:44 PM org.hibernate.dialect.Dialect <init>
INFO: HHH000400: Using dialect: org.hibernate.dialect.MySQL5InnoDBDialect
Mar 28, 2014 1:35:44 PM org.hibernate.engine.transaction.internal.TransactionFactoryInitiator initiateService
INFO: HHH000399: Using default transaction strategy (direct JDBC transactions)
Mar 28, 2014 1:35:44 PM org.hibernate.hql.internal.ast.ASTQueryTranslatorFactory <init>
INFO: HHH000397: Using ASTQueryTranslatorFactory
Mar 28, 2014 1:35:45 PM org.springframework.web.servlet.mvc.method.annotation.RequestMappingHandlerMapping registerHandlerMethod
INFO: Mapped "{[/],methods=[GET],params=[],headers=[],consumes=[],produces=[],custom=[]}" onto public org.springframework.web.servlet.ModelAndView com.neova.controller.LinkNavigation.homePage()
Mar 28, 2014 1:35:45 PM org.springframework.web.servlet.mvc.method.annotation.RequestMappingHandlerMapping registerHandlerMethod
INFO: Mapped "{[/index],methods=[GET],params=[],headers=[],consumes=[],produces=[],custom=[]}" onto public org.springframework.web.servlet.ModelAndView com.neova.controller.LinkNavigation.indexPage()
Mar 28, 2014 1:35:45 PM org.springframework.web.servlet.mvc.method.annotation.RequestMappingHandlerMapping registerHandlerMethod
INFO: Mapped "{[/sec/moderation],methods=[GET],params=[],headers=[],consumes=[],produces=[],custom=[]}" onto public org.springframework.web.servlet.ModelAndView com.neova.controller.LinkNavigation.listUsers()
Mar 28, 2014 1:35:45 PM org.springframework.web.servlet.mvc.method.annotation.RequestMappingHandlerMapping registerHandlerMethod
INFO: Mapped "{[/admin/save],methods=[POST],params=[save],headers=[],consumes=[],produces=[],custom=[]}" onto public org.springframework.web.servlet.ModelAndView com.neova.controller.LinkNavigation.saveUser(java.lang.String,com.neova.bean.UserBean,org.springframework.validation.BindingResult)
Mar 28, 2014 1:35:45 PM org.springframework.web.servlet.mvc.method.annotation.RequestMappingHandlerMapping registerHandlerMethod
INFO: Mapped "{[/admin/save],methods=[POST],params=[update],headers=[],consumes=[],produces=[],custom=[]}" onto public org.springframework.web.servlet.ModelAndView com.neova.controller.LinkNavigation.updateUser(java.lang.String,com.neova.bean.UserBean,org.springframework.validation.BindingResult)
Mar 28, 2014 1:35:45 PM org.springframework.web.servlet.mvc.method.annotation.RequestMappingHandlerMapping registerHandlerMethod
INFO: Mapped "{[/admin/first],methods=[GET],params=[],headers=[],consumes=[],produces=[],custom=[]}" onto public org.springframework.web.servlet.ModelAndView com.neova.controller.LinkNavigation.addEmployee(com.neova.bean.UserBean,org.springframework.validation.BindingResult)
Mar 28, 2014 1:35:45 PM org.springframework.web.servlet.mvc.method.annotation.RequestMappingHandlerMapping registerHandlerMethod
INFO: Mapped "{[/admin/delete],methods=[GET],params=[],headers=[],consumes=[],produces=[],custom=[]}" onto public org.springframework.web.servlet.ModelAndView com.neova.controller.LinkNavigation.deleteUser(com.neova.bean.UserBean,org.springframework.validation.BindingResult)
Mar 28, 2014 1:35:45 PM org.springframework.web.servlet.mvc.method.annotation.RequestMappingHandlerMapping registerHandlerMethod
INFO: Mapped "{[/admin/edit],methods=[GET],params=[],headers=[],consumes=[],produces=[],custom=[]}" onto public org.springframework.web.servlet.ModelAndView com.neova.controller.LinkNavigation.editUser(com.neova.bean.UserBean,org.springframework.validation.BindingResult)
Mar 28, 2014 1:35:45 PM org.springframework.web.servlet.mvc.method.annotation.RequestMappingHandlerMapping registerHandlerMethod
INFO: Mapped "{[/admin/second],methods=[GET],params=[],headers=[],consumes=[],produces=[],custom=[]}" onto public org.springframework.web.servlet.ModelAndView com.neova.controller.LinkNavigation.secondAdminPage()
Mar 28, 2014 1:35:45 PM org.springframework.web.servlet.mvc.method.annotation.RequestMappingHandlerMapping registerHandlerMethod
INFO: Mapped "{[/user-login],methods=[GET],params=[],headers=[],consumes=[],produces=[],custom=[]}" onto public org.springframework.web.servlet.ModelAndView com.neova.controller.SecurityNavigation.loginForm()
Mar 28, 2014 1:35:45 PM org.springframework.web.servlet.mvc.method.annotation.RequestMappingHandlerMapping registerHandlerMethod
INFO: Mapped "{[/error-login],methods=[GET],params=[],headers=[],consumes=[],produces=[],custom=[]}" onto public org.springframework.web.servlet.ModelAndView com.neova.controller.SecurityNavigation.invalidLogin()
Mar 28, 2014 1:35:45 PM org.springframework.web.servlet.mvc.method.annotation.RequestMappingHandlerMapping registerHandlerMethod
INFO: Mapped "{[/success-login],methods=[GET],params=[],headers=[],consumes=[],produces=[],custom=[]}" onto public org.springframework.web.servlet.ModelAndView com.neova.controller.SecurityNavigation.successLogin()
Mar 28, 2014 1:35:45 PM org.springframework.web.servlet.mvc.method.annotation.RequestMappingHandlerMapping registerHandlerMethod
INFO: Mapped "{[/access-denied],methods=[GET],params=[],headers=[],consumes=[],produces=[],custom=[]}" onto public java.lang.String com.neova.controller.SecurityNavigation.accessDenied(org.springframework.ui.ModelMap)
Mar 28, 2014 1:35:46 PM org.springframework.orm.hibernate4.HibernateTransactionManager afterPropertiesSet
INFO: Using DataSource [org.springframework.jdbc.datasource.DriverManagerDataSource@5018d472] of Hibernate SessionFactory for HibernateTransactionManager
Mar 28, 2014 1:35:47 PM org.springframework.security.web.DefaultSecurityFilterChain <init>
INFO: Creating filter chain: org.springframework.security.web.util.AnyRequestMatcher@1, [org.springframework.security.web.context.SecurityContextPersistenceFilter@281e69ed, org.springframework.security.web.authentication.logout.LogoutFilter@64bc5b2e, org.springframework.security.web.authentication.UsernamePasswordAuthenticationFilter@a065cad, org.springframework.security.web.authentication.www.BasicAuthenticationFilter@27ae66ff, org.springframework.security.web.savedrequest.RequestCacheAwareFilter@2aec03b3, org.springframework.security.web.servletapi.SecurityContextHolderAwareRequestFilter@6ce6f2c8, org.springframework.security.web.authentication.AnonymousAuthenticationFilter@2e4d6053, org.springframework.security.web.session.SessionManagementFilter@59ef00e4, org.springframework.security.web.access.ExceptionTranslationFilter@5a23a6dc, org.springframework.security.web.access.intercept.FilterSecurityInterceptor@5a9fe3bf]
Mar 28, 2014 1:35:47 PM org.springframework.security.config.http.DefaultFilterChainValidator checkLoginPageIsntProtected
INFO: Checking whether login URL '/user-login.html' is accessible with your configuration
Mar 28, 2014 1:35:47 PM org.springframework.web.context.ContextLoader initWebApplicationContext
INFO: Root WebApplicationContext: initialization completed in 9474 ms
Mar 28, 2014 1:35:52 PM org.apache.catalina.util.SessionIdGenerator createSecureRandom
INFO: Creation of SecureRandom instance for session ID generation using [SHA1PRNG] took [5,130] milliseconds.
Mar 28, 2014 1:35:52 PM org.springframework.web.servlet.DispatcherServlet initServletBean
INFO: FrameworkServlet 'dispatcher': initialization started
Mar 28, 2014 1:35:52 PM org.springframework.web.servlet.DispatcherServlet initServletBean
INFO: FrameworkServlet 'dispatcher': initialization completed in 114 ms
Mar 28, 2014 1:35:52 PM org.apache.coyote.AbstractProtocol start
INFO: Starting ProtocolHandler ["http-bio-8080"]
Mar 28, 2014 1:35:52 PM org.apache.coyote.AbstractProtocol start
INFO: Starting ProtocolHandler ["ajp-bio-8009"]
Mar 28, 2014 1:35:52 PM org.apache.catalina.startup.Catalina start
INFO: Server startup in 26184 ms
Mar 28, 2014 1:35:59 PM org.apache.jasper.compiler.TldLocationsCache tldScanJar
INFO: At least one JAR was scanned for TLDs yet contained no TLDs. Enable debug logging for this logger for a complete list of JARs that were scanned but no TLDs were found in them. Skipping unneeded JARs during scanning can improve startup time and JSP compilation time.
Mar 28, 2014 6:31:53 PM org.apache.catalina.core.StandardServer await
INFO: A valid shutdown command was received via the shutdown port. Stopping the Server instance.
Mar 28, 2014 6:31:53 PM org.apache.coyote.AbstractProtocol pause
INFO: Pausing ProtocolHandler ["http-bio-8080"]
Mar 28, 2014 6:31:53 PM org.apache.coyote.AbstractProtocol pause
INFO: Pausing ProtocolHandler ["ajp-bio-8009"]
Mar 28, 2014 6:31:53 PM org.apache.catalina.core.StandardService stopInternal
INFO: Stopping service Catalina
Mar 28, 2014 6:31:54 PM org.springframework.web.context.support.AnnotationConfigWebApplicationContext doClose
INFO: Closing Root WebApplicationContext: startup date [Fri Mar 28 13:35:38 IST 2014]; root of context hierarchy
Mar 28, 2014 6:31:54 PM org.springframework.beans.factory.support.DefaultListableBeanFactory destroySingletons
INFO: Destroying singletons in org.springframework.beans.factory.support.DefaultListableBeanFactory@472dd930: defining beans [org.springframework.context.annotation.internalConfigurationAnnotationProcessor,org.springframework.context.annotation.internalAutowiredAnnotationProcessor,org.springframework.context.annotation.internalRequiredAnnotationProcessor,org.springframework.context.annotation.internalCommonAnnotationProcessor,org.springframework.context.annotation.internalPersistenceAnnotationProcessor,webAppConfig,org.springframework.context.annotation.ConfigurationClassPostProcessor.importAwareProcessor,linkNavigation,securityNavigation,roleDAOImpl,userDAOImpl,customUserDetailsService,roleServiceImpl,userServiceImpl,org.springframework.aop.config.internalAutoProxyCreator,org.springframework.web.servlet.config.annotation.DelegatingWebMvcConfiguration,requestMappingHandlerMapping,viewControllerHandlerMapping,beanNameHandlerMapping,resourceHandlerMapping,defaultServletHandlerMapping,requestMappingHandlerAdapter,mvcConversionService,mvcValidator,httpRequestHandlerAdapter,simpleControllerHandlerAdapter,handlerExceptionResolver,org.springframework.transaction.annotation.ProxyTransactionManagementConfiguration,org.springframework.transaction.config.internalTransactionAdvisor,transactionAttributeSource,transactionInterceptor,transactionManager,getViewResolver,sessionFactory,dataSource,org.springframework.security.filterChains,org.springframework.security.filterChainProxy,org.springframework.security.web.PortMapperImpl#0,org.springframework.security.web.PortResolverImpl#0,org.springframework.security.config.authentication.AuthenticationManagerFactoryBean#0,org.springframework.security.authentication.ProviderManager#0,org.springframework.security.web.context.HttpSessionSecurityContextRepository#0,org.springframework.security.web.authentication.session.SessionFixationProtectionStrategy#0,org.springframework.security.web.savedrequest.HttpSessionRequestCache#0,org.springframework.security.access.vote.AffirmativeBased#0,org.springframework.security.web.access.intercept.FilterSecurityInterceptor#0,org.springframework.security.web.access.DefaultWebInvocationPrivilegeEvaluator#0,org.springframework.security.authentication.AnonymousAuthenticationProvider#0,org.springframework.security.web.authentication.www.BasicAuthenticationEntryPoint#0,org.springframework.security.web.authentication.UsernamePasswordAuthenticationFilter#0,org.springframework.security.userDetailsServiceFactory,org.springframework.security.web.DefaultSecurityFilterChain#0,org.springframework.security.authentication.dao.DaoAuthenticationProvider#0,org.springframework.security.authentication.DefaultAuthenticationEventPublisher#0,org.springframework.security.authenticationManager]; root of factory hierarchy
Mar 28, 2014 6:31:57 PM org.apache.catalina.loader.WebappClassLoader clearReferencesJdbc
SEVERE: The web application [/web] registered the JDBC driver [com.mysql.jdbc.Driver] but failed to unregister it when the web application was stopped. To prevent a memory leak, the JDBC Driver has been forcibly unregistered.
Mar 28, 2014 6:31:57 PM org.apache.catalina.loader.WebappClassLoader clearReferencesThreads
SEVERE: The web application [/web] appears to have started a thread named [Abandoned connection cleanup thread] but has failed to stop it. This is very likely to create a memory leak.
Mar 28, 2014 6:31:57 PM org.apache.coyote.AbstractProtocol stop
INFO: Stopping ProtocolHandler ["http-bio-8080"]
Mar 28, 2014 6:31:57 PM org.apache.coyote.AbstractProtocol stop
INFO: Stopping ProtocolHandler ["ajp-bio-8009"]
Mar 28, 2014 6:31:57 PM org.apache.coyote.AbstractProtocol destroy
INFO: Destroying ProtocolHandler ["http-bio-8080"]
Mar 28, 2014 6:31:57 PM org.apache.coyote.AbstractProtocol destroy
INFO: Destroying ProtocolHandler ["ajp-bio-8009"]
