Mar 11, 2014 7:17:05 PM org.apache.catalina.core.AprLifecycleListener init
INFO: The APR based Apache Tomcat Native library which allows optimal performance in production environments was not found on the java.library.path: /usr/java/packages/lib/amd64:/usr/lib64:/lib64:/lib:/usr/lib
Mar 11, 2014 7:17:06 PM org.apache.coyote.AbstractProtocol init
INFO: Initializing ProtocolHandler ["http-bio-8080"]
Mar 11, 2014 7:17:06 PM org.apache.coyote.AbstractProtocol init
INFO: Initializing ProtocolHandler ["ajp-bio-8009"]
Mar 11, 2014 7:17:06 PM org.apache.catalina.startup.Catalina load
INFO: Initialization processed in 1454 ms
Mar 11, 2014 7:17:06 PM org.apache.catalina.core.StandardService startInternal
INFO: Starting service Catalina
Mar 11, 2014 7:17:06 PM org.apache.catalina.core.StandardEngine startInternal
INFO: Starting Servlet Engine: Apache Tomcat/7.0.52
Mar 11, 2014 7:17:06 PM org.apache.catalina.startup.HostConfig deployWAR
INFO: Deploying web application archive /home/neouser/mahi/finalbaseproject/tools/tomcat/apache-tomcat-7.0.52/webapps/web.war
Mar 11, 2014 7:17:12 PM org.springframework.web.context.ContextLoader initWebApplicationContext
INFO: Root WebApplicationContext: initialization started
Mar 11, 2014 7:17:12 PM org.springframework.context.support.AbstractApplicationContext prepareRefresh
INFO: Refreshing Root WebApplicationContext: startup date [Tue Mar 11 19:17:12 IST 2014]; root of context hierarchy
Mar 11, 2014 7:17:13 PM org.springframework.context.annotation.ClassPathScanningCandidateComponentProvider registerDefaultFilters
INFO: JSR-250 'javax.annotation.ManagedBean' found and supported for component scanning
Mar 11, 2014 7:17:13 PM org.springframework.web.context.support.AnnotationConfigWebApplicationContext loadBeanDefinitions
INFO: Registering annotated classes: [class com.neova.init.WebAppConfig]
Mar 11, 2014 7:17:13 PM org.springframework.context.annotation.ClassPathScanningCandidateComponentProvider registerDefaultFilters
INFO: JSR-250 'javax.annotation.ManagedBean' found and supported for component scanning
Mar 11, 2014 7:17:14 PM org.springframework.beans.factory.xml.XmlBeanDefinitionReader loadBeanDefinitions
INFO: Loading XML bean definitions from class path resource [spring-security.xml]
Mar 11, 2014 7:17:14 PM org.springframework.security.core.SpringSecurityCoreVersion <clinit>
INFO: You are running with Spring Security Core 3.1.2.RELEASE
Mar 11, 2014 7:17:14 PM org.springframework.security.config.SecurityNamespaceHandler <init>
INFO: Spring Security 'config' module version is 3.1.2.RELEASE
Mar 11, 2014 7:17:14 PM org.springframework.security.config.http.HttpSecurityBeanDefinitionParser checkFilterChainOrder
INFO: Checking sorted filter chain: [Root bean: class [org.springframework.security.web.context.SecurityContextPersistenceFilter]; scope=; abstract=false; lazyInit=false; autowireMode=0; dependencyCheck=0; autowireCandidate=true; primary=false; factoryBeanName=null; factoryMethodName=null; initMethodName=null; destroyMethodName=null, order = 300, Root bean: class [org.springframework.security.web.authentication.logout.LogoutFilter]; scope=; abstract=false; lazyInit=false; autowireMode=0; dependencyCheck=0; autowireCandidate=true; primary=false; factoryBeanName=null; factoryMethodName=null; initMethodName=null; destroyMethodName=null, order = 400, <org.springframework.security.web.authentication.UsernamePasswordAuthenticationFilter#0>, order = 800, Root bean: class [org.springframework.security.web.authentication.www.BasicAuthenticationFilter]; scope=; abstract=false; lazyInit=false; autowireMode=0; dependencyCheck=0; autowireCandidate=true; primary=false; factoryBeanName=null; factoryMethodName=null; initMethodName=null; destroyMethodName=null, order = 1200, Root bean: class [org.springframework.security.web.savedrequest.RequestCacheAwareFilter]; scope=; abstract=false; lazyInit=false; autowireMode=0; dependencyCheck=0; autowireCandidate=true; primary=false; factoryBeanName=null; factoryMethodName=null; initMethodName=null; destroyMethodName=null, order = 1300, Root bean: class [org.springframework.security.web.servletapi.SecurityContextHolderAwareRequestFilter]; scope=; abstract=false; lazyInit=false; autowireMode=0; dependencyCheck=0; autowireCandidate=true; primary=false; factoryBeanName=null; factoryMethodName=null; initMethodName=null; destroyMethodName=null, order = 1400, Root bean: class [org.springframework.security.web.authentication.AnonymousAuthenticationFilter]; scope=; abstract=false; lazyInit=false; autowireMode=0; dependencyCheck=0; autowireCandidate=true; primary=false; factoryBeanName=null; factoryMethodName=null; initMethodName=null; destroyMethodName=null, order = 1700, Root bean: class [org.springframework.security.web.session.SessionManagementFilter]; scope=; abstract=false; lazyInit=false; autowireMode=0; dependencyCheck=0; autowireCandidate=true; primary=false; factoryBeanName=null; factoryMethodName=null; initMethodName=null; destroyMethodName=null, order = 1800, Root bean: class [org.springframework.security.web.access.ExceptionTranslationFilter]; scope=; abstract=false; lazyInit=false; autowireMode=0; dependencyCheck=0; autowireCandidate=true; primary=false; factoryBeanName=null; factoryMethodName=null; initMethodName=null; destroyMethodName=null, order = 1900, <org.springframework.security.web.access.intercept.FilterSecurityInterceptor#0>, order = 2000]
Mar 11, 2014 7:17:15 PM org.springframework.beans.factory.support.DefaultListableBeanFactory preInstantiateSingletons
INFO: Pre-instantiating singletons in org.springframework.beans.factory.support.DefaultListableBeanFactory@1d5b8f1: defining beans [org.springframework.context.annotation.internalConfigurationAnnotationProcessor,org.springframework.context.annotation.internalAutowiredAnnotationProcessor,org.springframework.context.annotation.internalRequiredAnnotationProcessor,org.springframework.context.annotation.internalCommonAnnotationProcessor,org.springframework.context.annotation.internalPersistenceAnnotationProcessor,webAppConfig,org.springframework.context.annotation.ConfigurationClassPostProcessor.importAwareProcessor,linkNavigation,securityNavigation,roleDAOImpl,userDAOImpl,customUserDetailsService,roleServiceImpl,userServiceImpl,org.springframework.aop.config.internalAutoProxyCreator,org.springframework.web.servlet.config.annotation.DelegatingWebMvcConfiguration,requestMappingHandlerMapping,viewControllerHandlerMapping,beanNameHandlerMapping,resourceHandlerMapping,defaultServletHandlerMapping,requestMappingHandlerAdapter,mvcConversionService,mvcValidator,httpRequestHandlerAdapter,simpleControllerHandlerAdapter,handlerExceptionResolver,org.springframework.transaction.annotation.ProxyTransactionManagementConfiguration,org.springframework.transaction.config.internalTransactionAdvisor,transactionAttributeSource,transactionInterceptor,sessionFactory,transactionManager,setupViewResolver,dataSource,org.springframework.security.filterChains,org.springframework.security.filterChainProxy,org.springframework.security.web.PortMapperImpl#0,org.springframework.security.web.PortResolverImpl#0,org.springframework.security.config.authentication.AuthenticationManagerFactoryBean#0,org.springframework.security.authentication.ProviderManager#0,org.springframework.security.web.context.HttpSessionSecurityContextRepository#0,org.springframework.security.web.authentication.session.SessionFixationProtectionStrategy#0,org.springframework.security.web.savedrequest.HttpSessionRequestCache#0,org.springframework.security.access.vote.AffirmativeBased#0,org.springframework.security.web.access.intercept.FilterSecurityInterceptor#0,org.springframework.security.web.access.DefaultWebInvocationPrivilegeEvaluator#0,org.springframework.security.authentication.AnonymousAuthenticationProvider#0,org.springframework.security.web.authentication.www.BasicAuthenticationEntryPoint#0,org.springframework.security.web.authentication.UsernamePasswordAuthenticationFilter#0,org.springframework.security.userDetailsServiceFactory,org.springframework.security.web.DefaultSecurityFilterChain#0,org.springframework.security.authentication.dao.DaoAuthenticationProvider#0,org.springframework.security.authentication.DefaultAuthenticationEventPublisher#0,org.springframework.security.authenticationManager]; root of factory hierarchy
Mar 11, 2014 7:17:15 PM org.springframework.jdbc.datasource.DriverManagerDataSource setDriverClassName
INFO: Loaded JDBC driver: com.mysql.jdbc.Driver
Mar 11, 2014 7:17:16 PM org.hibernate.annotations.common.Version <clinit>
INFO: HCANN000001: Hibernate Commons Annotations {4.0.1.Final}
Mar 11, 2014 7:17:16 PM org.hibernate.Version logVersion
INFO: HHH000412: Hibernate Core {4.1.7.Final}
Mar 11, 2014 7:17:16 PM org.hibernate.cfg.Environment <clinit>
INFO: HHH000206: hibernate.properties not found
Mar 11, 2014 7:17:16 PM org.hibernate.cfg.Environment buildBytecodeProvider
INFO: HHH000021: Bytecode provider name : javassist
Mar 11, 2014 7:17:17 PM org.hibernate.engine.jdbc.internal.JdbcServicesImpl configure
WARN: HHH000342: Could not obtain connection to query metadata : Access denied for user 'root'@'localhost' (using password: YES)
Mar 11, 2014 7:17:17 PM org.hibernate.dialect.Dialect <init>
INFO: HHH000400: Using dialect: org.hibernate.dialect.MySQL5InnoDBDialect
Mar 11, 2014 7:17:17 PM org.hibernate.engine.jdbc.internal.LobCreatorBuilder useContextualLobCreation
INFO: HHH000422: Disabling contextual LOB creation as connection was null
Mar 11, 2014 7:17:17 PM org.hibernate.engine.transaction.internal.TransactionFactoryInitiator initiateService
INFO: HHH000399: Using default transaction strategy (direct JDBC transactions)
Mar 11, 2014 7:17:17 PM org.hibernate.hql.internal.ast.ASTQueryTranslatorFactory <init>
INFO: HHH000397: Using ASTQueryTranslatorFactory
Mar 11, 2014 7:17:18 PM org.springframework.web.servlet.handler.AbstractHandlerMethodMapping registerHandlerMethod
INFO: Mapped "{[/index],methods=[GET],params=[],headers=[],consumes=[],produces=[],custom=[]}" onto public org.springframework.web.servlet.ModelAndView com.neova.controller.LinkNavigation.indexPage()
Mar 11, 2014 7:17:18 PM org.springframework.web.servlet.handler.AbstractHandlerMethodMapping registerHandlerMethod
INFO: Mapped "{[/sec/moderation],methods=[GET],params=[],headers=[],consumes=[],produces=[],custom=[]}" onto public org.springframework.web.servlet.ModelAndView com.neova.controller.LinkNavigation.moderatorPage()
Mar 11, 2014 7:17:18 PM org.springframework.web.servlet.handler.AbstractHandlerMethodMapping registerHandlerMethod
INFO: Mapped "{[/admin/first],methods=[GET],params=[],headers=[],consumes=[],produces=[],custom=[]}" onto public org.springframework.web.servlet.ModelAndView com.neova.controller.LinkNavigation.firstAdminPage()
Mar 11, 2014 7:17:18 PM org.springframework.web.servlet.handler.AbstractHandlerMethodMapping registerHandlerMethod
INFO: Mapped "{[/],methods=[GET],params=[],headers=[],consumes=[],produces=[],custom=[]}" onto public org.springframework.web.servlet.ModelAndView com.neova.controller.LinkNavigation.homePage()
Mar 11, 2014 7:17:18 PM org.springframework.web.servlet.handler.AbstractHandlerMethodMapping registerHandlerMethod
INFO: Mapped "{[/admin/second],methods=[GET],params=[],headers=[],consumes=[],produces=[],custom=[]}" onto public org.springframework.web.servlet.ModelAndView com.neova.controller.LinkNavigation.secondAdminPage()
Mar 11, 2014 7:17:18 PM org.springframework.web.servlet.handler.AbstractHandlerMethodMapping registerHandlerMethod
INFO: Mapped "{[/user-login],methods=[GET],params=[],headers=[],consumes=[],produces=[],custom=[]}" onto public org.springframework.web.servlet.ModelAndView com.neova.controller.SecurityNavigation.loginForm()
Mar 11, 2014 7:17:18 PM org.springframework.web.servlet.handler.AbstractHandlerMethodMapping registerHandlerMethod
INFO: Mapped "{[/success-login],methods=[GET],params=[],headers=[],consumes=[],produces=[],custom=[]}" onto public org.springframework.web.servlet.ModelAndView com.neova.controller.SecurityNavigation.successLogin()
Mar 11, 2014 7:17:18 PM org.springframework.web.servlet.handler.AbstractHandlerMethodMapping registerHandlerMethod
INFO: Mapped "{[/error-login],methods=[GET],params=[],headers=[],consumes=[],produces=[],custom=[]}" onto public org.springframework.web.servlet.ModelAndView com.neova.controller.SecurityNavigation.invalidLogin()
Mar 11, 2014 7:17:18 PM org.springframework.orm.hibernate4.HibernateTransactionManager afterPropertiesSet
INFO: Using DataSource [org.springframework.jdbc.datasource.DriverManagerDataSource@58571957] of Hibernate SessionFactory for HibernateTransactionManager
Mar 11, 2014 7:17:19 PM org.springframework.security.web.DefaultSecurityFilterChain <init>
INFO: Creating filter chain: org.springframework.security.web.util.AnyRequestMatcher@1, [org.springframework.security.web.context.SecurityContextPersistenceFilter@75e8fdc7, org.springframework.security.web.authentication.logout.LogoutFilter@136d504b, org.springframework.security.web.authentication.UsernamePasswordAuthenticationFilter@6db275e3, org.springframework.security.web.authentication.www.BasicAuthenticationFilter@5f59c258, org.springframework.security.web.savedrequest.RequestCacheAwareFilter@7de6504f, org.springframework.security.web.servletapi.SecurityContextHolderAwareRequestFilter@1ba2b31c, org.springframework.security.web.authentication.AnonymousAuthenticationFilter@569d0170, org.springframework.security.web.session.SessionManagementFilter@5dc98c7c, org.springframework.security.web.access.ExceptionTranslationFilter@5b2650fe, org.springframework.security.web.access.intercept.FilterSecurityInterceptor@308f8272]
Mar 11, 2014 7:17:19 PM org.springframework.security.config.http.DefaultFilterChainValidator checkLoginPageIsntProtected
INFO: Checking whether login URL '/user-login.html' is accessible with your configuration
Mar 11, 2014 7:17:19 PM org.springframework.web.context.ContextLoader initWebApplicationContext
INFO: Root WebApplicationContext: initialization completed in 7051 ms
Mar 11, 2014 7:17:25 PM org.apache.catalina.util.SessionIdGenerator createSecureRandom
INFO: Creation of SecureRandom instance for session ID generation using [SHA1PRNG] took [5,258] milliseconds.
Mar 11, 2014 7:17:25 PM org.springframework.web.servlet.FrameworkServlet initServletBean
INFO: FrameworkServlet 'dispatcher': initialization started
Mar 11, 2014 7:17:25 PM org.springframework.web.servlet.FrameworkServlet initServletBean
INFO: FrameworkServlet 'dispatcher': initialization completed in 75 ms
Mar 11, 2014 7:17:25 PM org.apache.catalina.startup.HostConfig deployDirectory
INFO: Deploying web application directory /home/neouser/mahi/finalbaseproject/tools/tomcat/apache-tomcat-7.0.52/webapps/manager
Mar 11, 2014 7:17:25 PM org.apache.catalina.startup.HostConfig deployDirectory
INFO: Deploying web application directory /home/neouser/mahi/finalbaseproject/tools/tomcat/apache-tomcat-7.0.52/webapps/docs
Mar 11, 2014 7:17:25 PM org.apache.catalina.startup.HostConfig deployDirectory
INFO: Deploying web application directory /home/neouser/mahi/finalbaseproject/tools/tomcat/apache-tomcat-7.0.52/webapps/examples
Mar 11, 2014 7:17:26 PM org.apache.catalina.startup.HostConfig deployDirectory
INFO: Deploying web application directory /home/neouser/mahi/finalbaseproject/tools/tomcat/apache-tomcat-7.0.52/webapps/ROOT
Mar 11, 2014 7:17:26 PM org.apache.catalina.startup.HostConfig deployDirectory
INFO: Deploying web application directory /home/neouser/mahi/finalbaseproject/tools/tomcat/apache-tomcat-7.0.52/webapps/host-manager
Mar 11, 2014 7:17:26 PM org.apache.coyote.AbstractProtocol start
INFO: Starting ProtocolHandler ["http-bio-8080"]
Mar 11, 2014 7:17:26 PM org.apache.coyote.AbstractProtocol start
INFO: Starting ProtocolHandler ["ajp-bio-8009"]
Mar 11, 2014 7:17:26 PM org.apache.catalina.startup.Catalina start
INFO: Server startup in 20353 ms
Mar 11, 2014 7:17:45 PM org.apache.jasper.compiler.TldLocationsCache tldScanJar
INFO: At least one JAR was scanned for TLDs yet contained no TLDs. Enable debug logging for this logger for a complete list of JARs that were scanned but no TLDs were found in them. Skipping unneeded JARs during scanning can improve startup time and JSP compilation time.
Mar 11, 2014 7:25:41 PM org.apache.catalina.core.StandardServer await
INFO: A valid shutdown command was received via the shutdown port. Stopping the Server instance.
Mar 11, 2014 7:25:41 PM org.apache.coyote.AbstractProtocol pause
INFO: Pausing ProtocolHandler ["http-bio-8080"]
Mar 11, 2014 7:25:41 PM org.apache.coyote.AbstractProtocol pause
INFO: Pausing ProtocolHandler ["ajp-bio-8009"]
Mar 11, 2014 7:25:41 PM org.apache.catalina.core.StandardService stopInternal
INFO: Stopping service Catalina
Mar 11, 2014 7:25:41 PM org.springframework.context.support.AbstractApplicationContext doClose
INFO: Closing Root WebApplicationContext: startup date [Tue Mar 11 19:17:12 IST 2014]; root of context hierarchy
Mar 11, 2014 7:25:41 PM org.springframework.beans.factory.support.DefaultSingletonBeanRegistry destroySingletons
INFO: Destroying singletons in org.springframework.beans.factory.support.DefaultListableBeanFactory@1d5b8f1: defining beans [org.springframework.context.annotation.internalConfigurationAnnotationProcessor,org.springframework.context.annotation.internalAutowiredAnnotationProcessor,org.springframework.context.annotation.internalRequiredAnnotationProcessor,org.springframework.context.annotation.internalCommonAnnotationProcessor,org.springframework.context.annotation.internalPersistenceAnnotationProcessor,webAppConfig,org.springframework.context.annotation.ConfigurationClassPostProcessor.importAwareProcessor,linkNavigation,securityNavigation,roleDAOImpl,userDAOImpl,customUserDetailsService,roleServiceImpl,userServiceImpl,org.springframework.aop.config.internalAutoProxyCreator,org.springframework.web.servlet.config.annotation.DelegatingWebMvcConfiguration,requestMappingHandlerMapping,viewControllerHandlerMapping,beanNameHandlerMapping,resourceHandlerMapping,defaultServletHandlerMapping,requestMappingHandlerAdapter,mvcConversionService,mvcValidator,httpRequestHandlerAdapter,simpleControllerHandlerAdapter,handlerExceptionResolver,org.springframework.transaction.annotation.ProxyTransactionManagementConfiguration,org.springframework.transaction.config.internalTransactionAdvisor,transactionAttributeSource,transactionInterceptor,sessionFactory,transactionManager,setupViewResolver,dataSource,org.springframework.security.filterChains,org.springframework.security.filterChainProxy,org.springframework.security.web.PortMapperImpl#0,org.springframework.security.web.PortResolverImpl#0,org.springframework.security.config.authentication.AuthenticationManagerFactoryBean#0,org.springframework.security.authentication.ProviderManager#0,org.springframework.security.web.context.HttpSessionSecurityContextRepository#0,org.springframework.security.web.authentication.session.SessionFixationProtectionStrategy#0,org.springframework.security.web.savedrequest.HttpSessionRequestCache#0,org.springframework.security.access.vote.AffirmativeBased#0,org.springframework.security.web.access.intercept.FilterSecurityInterceptor#0,org.springframework.security.web.access.DefaultWebInvocationPrivilegeEvaluator#0,org.springframework.security.authentication.AnonymousAuthenticationProvider#0,org.springframework.security.web.authentication.www.BasicAuthenticationEntryPoint#0,org.springframework.security.web.authentication.UsernamePasswordAuthenticationFilter#0,org.springframework.security.userDetailsServiceFactory,org.springframework.security.web.DefaultSecurityFilterChain#0,org.springframework.security.authentication.dao.DaoAuthenticationProvider#0,org.springframework.security.authentication.DefaultAuthenticationEventPublisher#0,org.springframework.security.authenticationManager]; root of factory hierarchy
Mar 11, 2014 7:25:41 PM org.apache.catalina.loader.WebappClassLoader clearReferencesJdbc
SEVERE: The web application [/web] registered the JDBC driver [com.mysql.jdbc.Driver] but failed to unregister it when the web application was stopped. To prevent a memory leak, the JDBC Driver has been forcibly unregistered.
Mar 11, 2014 7:25:41 PM org.apache.catalina.loader.WebappClassLoader clearReferencesThreads
SEVERE: The web application [/web] appears to have started a thread named [MySQL Statement Cancellation Timer] but has failed to stop it. This is very likely to create a memory leak.
Mar 11, 2014 7:25:41 PM org.apache.coyote.AbstractProtocol stop
INFO: Stopping ProtocolHandler ["http-bio-8080"]
Mar 11, 2014 7:25:41 PM org.apache.coyote.AbstractProtocol stop
INFO: Stopping ProtocolHandler ["ajp-bio-8009"]
Mar 11, 2014 7:25:41 PM org.apache.coyote.AbstractProtocol destroy
INFO: Destroying ProtocolHandler ["http-bio-8080"]
Mar 11, 2014 7:25:41 PM org.apache.coyote.AbstractProtocol destroy
INFO: Destroying ProtocolHandler ["ajp-bio-8009"]
